------------------------------------------------------------------------------------------------------------------------

[2024-04-04 10:25:45 #1 store] 
Database 'C:\Users\Xabi\git\Rides24\src\main\resources\rides.temp' is opened by 8532@DESKTOP-PNFEN4V

[2024-04-04 10:25:46 #2 type] 
Type domain.User is not enhanced.

[2024-04-04 10:25:46 #3 type] 
Type domain.Driver is not enhanced.

[2024-04-04 10:25:46 #4 type] 
Type domain.Ride is not enhanced.

[2024-04-04 10:25:46 #5 type] 
Type domain.ReserveStatus is not enhanced.

[2024-04-04 10:25:46 #6 type] 
Type domain.Traveler is not enhanced.

------------------------------------------------------------------------------------------------------------------------

[2024-04-04 10:28:04 #1 store] 
Database 'C:\Users\Xabi\git\Rides24\src\main\resources\rides.temp' is opened by 13744@DESKTOP-PNFEN4V

[2024-04-04 10:28:04 #2 type] 
Type domain.User is not enhanced.

[2024-04-04 10:28:04 #3 type] 
Type domain.Driver is not enhanced.

[2024-04-04 10:28:04 #4 type] 
Type domain.Ride is not enhanced.

[2024-04-04 10:28:04 #5 type] 
Type domain.ReserveStatus is not enhanced.

[2024-04-04 10:28:04 #6 type] 
Type domain.Traveler is not enhanced.

------------------------------------------------------------------------------------------------------------------------

[2024-04-04 10:34:49 #1 store] 
Database 'C:\Users\Xabi\git\Rides24\src\main\resources\rides.temp' is opened by 2472@DESKTOP-PNFEN4V

[2024-04-04 10:34:49 #2 type] 
Type domain.User is not enhanced.

[2024-04-04 10:34:49 #3 type] 
Type domain.Driver is not enhanced.

[2024-04-04 10:34:49 #4 type.registry] 
New type java.util.ArrayList<domain.Car>

[2024-04-04 10:34:49 #5 type] 
Type domain.Ride is not enhanced.

[2024-04-04 10:34:49 #6 type] 
Type domain.ReserveStatus is not enhanced.

[2024-04-04 10:34:49 #7 type] 
Type domain.Traveler is not enhanced.

------------------------------------------------------------------------------------------------------------------------

[2024-04-04 10:38:07 #1 store] 
Database 'C:\Users\Xabi\git\Rides24\src\main\resources\rides.temp' has been recovered (tr. 35-35)

[2024-04-04 10:38:07 #2 store] 
Database 'C:\Users\Xabi\git\Rides24\src\main\resources\rides.temp' is opened by 5820@DESKTOP-PNFEN4V

[2024-04-04 10:38:07 #3 type] 
Type domain.User is not enhanced.

[2024-04-04 10:38:07 #4 type] 
Type domain.Driver is not enhanced.

[2024-04-04 10:38:07 #5 type] 
Type domain.Ride is not enhanced.

[2024-04-04 10:38:07 #6 type] 
Type domain.ReserveStatus is not enhanced.

[2024-04-04 10:38:07 #7 type] 
Type domain.Traveler is not enhanced.

------------------------------------------------------------------------------------------------------------------------

[2024-04-04 10:39:34 #1 store] 
Database 'C:\Users\Xabi\git\Rides24\src\main\resources\rides.temp' is opened by 972@DESKTOP-PNFEN4V

[2024-04-04 10:39:34 #2 type] 
Type domain.User is not enhanced.

[2024-04-04 10:39:34 #3 type] 
Type domain.Driver is not enhanced.

[2024-04-04 10:39:34 #4 type] 
Type domain.Ride is not enhanced.

[2024-04-04 10:39:34 #5 type] 
Type domain.ReserveStatus is not enhanced.

[2024-04-04 10:39:34 #6 type] 
Type domain.Traveler is not enhanced.

------------------------------------------------------------------------------------------------------------------------

[2024-04-04 10:41:02 #1 store] 
Database 'C:\Users\Xabi\git\Rides24\src\main\resources\rides.temp' is opened by 10340@DESKTOP-PNFEN4V

[2024-04-04 10:41:03 #2 type] 
Type domain.User is not enhanced.

[2024-04-04 10:41:03 #3 type] 
Type domain.Driver is not enhanced.

[2024-04-04 10:41:03 #4 type] 
Type domain.Ride is not enhanced.

[2024-04-04 10:41:03 #5 type] 
Type domain.ReserveStatus is not enhanced.

[2024-04-04 10:41:03 #6 type] 
Type domain.Traveler is not enhanced.

------------------------------------------------------------------------------------------------------------------------

[2024-04-04 10:44:34 #1 store] 
Database 'C:\Users\Xabi\git\Rides24\src\main\resources\rides.temp' is opened by 3612@DESKTOP-PNFEN4V

[2024-04-04 10:44:34 #2 type] 
Type domain.User is not enhanced.

[2024-04-04 10:44:34 #3 type] 
Type domain.Driver is not enhanced.

[2024-04-04 10:44:34 #4 type] 
Type domain.Ride is not enhanced.

[2024-04-04 10:44:34 #5 type] 
Type domain.ReserveStatus is not enhanced.

[2024-04-04 10:44:34 #6 type] 
Type domain.Traveler is not enhanced.

------------------------------------------------------------------------------------------------------------------------

[2024-04-04 10:57:14 #1 store] 
Database 'C:\Users\Xabi\git\Rides24\src\main\resources\rides.temp' is opened by 17832@DESKTOP-PNFEN4V

[2024-04-04 10:57:18 #2 type.registry] 
New type domain.User

[2024-04-04 10:57:18 #3 type] 
Type domain.User is not enhanced.

[2024-04-04 10:57:18 #4 type.registry] 
New type domain.Movement

[2024-04-04 10:57:18 #5 type.registry] 
New type java.util.ArrayList<domain.Movement>

[2024-04-04 10:57:18 #6 type.registry] 
New type domain.Driver

[2024-04-04 10:57:18 #7 type] 
Type domain.Driver is not enhanced.

[2024-04-04 10:57:18 #8 type.registry] 
New type domain.Car

[2024-04-04 10:57:18 #9 type.registry] 
New type java.util.ArrayList<domain.Car>

[2024-04-04 10:57:18 #10 type.registry] 
New type java.util.ArrayList<java.lang.Object>

[2024-04-04 10:57:18 #11 type.registry] 
New type domain.Traveler

[2024-04-04 10:57:18 #12 type] 
Type domain.Traveler is not enhanced.

[2024-04-04 10:57:18 #13 type.registry] 
New type domain.ReserveStatus

[2024-04-04 10:57:18 #14 type] 
Type domain.ReserveStatus is not enhanced.

[2024-04-04 10:57:18 #15 type.registry] 
New type java.util.Vector<java.lang.Object>

[2024-04-04 10:57:18 #16 type.registry] 
New type java.util.Vector<domain.ReserveStatus>

------------------------------------------------------------------------------------------------------------------------

[2024-04-04 10:57:58 #1 store] 
Database 'C:\Users\Xabi\git\Rides24\src\main\resources\rides.temp' is opened by 2968@DESKTOP-PNFEN4V

[2024-04-04 10:57:58 #2 type.registry] 
New type domain.User

[2024-04-04 10:57:58 #3 type] 
Type domain.User is not enhanced.

[2024-04-04 10:57:58 #4 type.registry] 
New type domain.Movement

[2024-04-04 10:57:58 #5 type.registry] 
New type java.util.ArrayList<domain.Movement>

[2024-04-04 10:57:58 #6 type.registry] 
New type domain.Driver

[2024-04-04 10:57:58 #7 type] 
Type domain.Driver is not enhanced.

[2024-04-04 10:57:58 #8 type.registry] 
New type domain.Car

[2024-04-04 10:57:58 #9 type.registry] 
New type java.util.ArrayList<domain.Car>

[2024-04-04 10:57:58 #10 type.registry] 
New type java.util.ArrayList<java.lang.Object>

[2024-04-04 10:57:58 #11 type.registry] 
New type domain.Traveler

[2024-04-04 10:57:58 #12 type] 
Type domain.Traveler is not enhanced.

[2024-04-04 10:57:59 #13 type.registry] 
New type domain.ReserveStatus

[2024-04-04 10:57:59 #14 type] 
Type domain.ReserveStatus is not enhanced.

[2024-04-04 10:57:59 #15 type.registry] 
New type java.util.Vector<java.lang.Object>

[2024-04-04 10:57:59 #16 type.registry] 
New type java.util.Vector<domain.ReserveStatus>

------------------------------------------------------------------------------------------------------------------------

[2024-04-04 10:59:24 #1 store] 
Database 'C:\Users\Xabi\git\Rides24\src\main\resources\rides.temp' is opened by 10388@DESKTOP-PNFEN4V

[2024-04-04 10:59:25 #2 type.registry] 
New type domain.User

[2024-04-04 10:59:25 #3 type] 
Type domain.User is not enhanced.

[2024-04-04 10:59:25 #4 type.registry] 
New type domain.Movement

[2024-04-04 10:59:25 #5 type.registry] 
New type java.util.ArrayList<domain.Movement>

[2024-04-04 10:59:25 #6 type.registry] 
New type domain.Driver

[2024-04-04 10:59:25 #7 type] 
Type domain.Driver is not enhanced.

[2024-04-04 10:59:25 #8 type.registry] 
New type domain.Car

[2024-04-04 10:59:25 #9 type.registry] 
New type java.util.ArrayList<domain.Car>

[2024-04-04 10:59:25 #10 type] 
Type domain.Car is not enhanced.

[2024-04-04 10:59:25 #11 type.registry] 
New type domain.Ride

[2024-04-04 10:59:25 #12 type.registry] 
New type java.util.ArrayList<domain.Ride>

[2024-04-04 10:59:25 #13 type] 
Type domain.Ride is not enhanced.

[2024-04-04 10:59:25 #14 type.registry] 
New type domain.ReserveStatus

[2024-04-04 10:59:25 #15 type.registry] 
New type domain.ReserveStatus[]

[2024-04-04 10:59:25 #16 type] 
Type domain.ReserveStatus is not enhanced.

[2024-04-04 10:59:25 #17 type.registry] 
New type domain.Traveler

[2024-04-04 10:59:25 #18 type] 
Type domain.Traveler is not enhanced.

[2024-04-04 10:59:25 #19 type.registry] 
New type java.util.ArrayList<java.lang.Object>

[2024-04-04 10:59:25 #20 type.registry] 
New type java.util.Vector<java.lang.Object>

[2024-04-04 10:59:25 #21 type.registry] 
New type java.util.Vector<domain.ReserveStatus>

------------------------------------------------------------------------------------------------------------------------

[2024-04-04 17:48:32 #1 store] 
Database 'C:\Users\Xabi\git\Rides24\src\main\resources\rides.temp' is opened by 14096@DESKTOP-PNFEN4V

[2024-04-04 17:48:39 #2 type.registry] 
New type domain.User

[2024-04-04 17:48:39 #3 type] 
Type domain.User is not enhanced.

[2024-04-04 17:48:39 #4 type.registry] 
New type domain.Movement

[2024-04-04 17:48:39 #5 type.registry] 
New type java.util.ArrayList<domain.Movement>

[2024-04-04 17:48:39 #6 type.registry] 
New type domain.Driver

[2024-04-04 17:48:39 #7 type] 
Type domain.Driver is not enhanced.

[2024-04-04 17:48:39 #8 type.registry] 
New type domain.Car

[2024-04-04 17:48:39 #9 type.registry] 
New type java.util.ArrayList<domain.Car>

[2024-04-04 17:48:39 #10 type] 
Type domain.Car is not enhanced.

[2024-04-04 17:48:39 #11 type.registry] 
New type domain.Ride

[2024-04-04 17:48:39 #12 type.registry] 
New type java.util.ArrayList<domain.Ride>

[2024-04-04 17:48:39 #13 type] 
Type domain.Ride is not enhanced.

[2024-04-04 17:48:39 #14 type.registry] 
New type domain.ReserveStatus

[2024-04-04 17:48:39 #15 type.registry] 
New type domain.ReserveStatus[]

[2024-04-04 17:48:39 #16 type] 
Type domain.ReserveStatus is not enhanced.

[2024-04-04 17:48:39 #17 type.registry] 
New type domain.Traveler

[2024-04-04 17:48:39 #18 type] 
Type domain.Traveler is not enhanced.

[2024-04-04 17:48:39 #19 type.registry] 
New type java.util.ArrayList<java.lang.Object>

[2024-04-04 17:48:39 #20 type.registry] 
New type java.util.Vector<java.lang.Object>

[2024-04-04 17:48:39 #21 type.registry] 
New type java.util.Vector<domain.ReserveStatus>

------------------------------------------------------------------------------------------------------------------------

[2024-04-04 17:52:24 #1 store] 
Database 'C:\Users\Xabi\git\Rides24\src\main\resources\rides.temp' is opened by 13732@DESKTOP-PNFEN4V

[2024-04-04 17:52:26 #2 type.registry] 
New type domain.User

[2024-04-04 17:52:26 #3 type] 
Type domain.User is not enhanced.

[2024-04-04 17:52:26 #4 type.registry] 
New type domain.Movement

[2024-04-04 17:52:26 #5 type.registry] 
New type java.util.ArrayList<domain.Movement>

[2024-04-04 17:52:26 #6 type.registry] 
New type domain.Driver

[2024-04-04 17:52:26 #7 type] 
Type domain.Driver is not enhanced.

[2024-04-04 17:52:26 #8 type.registry] 
New type domain.Car

[2024-04-04 17:52:26 #9 type.registry] 
New type java.util.ArrayList<domain.Car>

[2024-04-04 17:52:26 #10 type] 
Type domain.Car is not enhanced.

[2024-04-04 17:52:26 #11 type.registry] 
New type domain.Ride

[2024-04-04 17:52:26 #12 type.registry] 
New type java.util.ArrayList<domain.Ride>

[2024-04-04 17:52:26 #13 type] 
Type domain.Ride is not enhanced.

[2024-04-04 17:52:26 #14 type.registry] 
New type domain.ReserveStatus

[2024-04-04 17:52:26 #15 type.registry] 
New type domain.ReserveStatus[]

[2024-04-04 17:52:26 #16 type] 
Type domain.ReserveStatus is not enhanced.

[2024-04-04 17:52:26 #17 type.registry] 
New type domain.Traveler

[2024-04-04 17:52:26 #18 type] 
Type domain.Traveler is not enhanced.

[2024-04-04 17:52:26 #19 type.registry] 
New type java.util.ArrayList<java.lang.Object>

[2024-04-04 17:52:26 #20 type.registry] 
New type java.util.Vector<java.lang.Object>

[2024-04-04 17:52:26 #21 type.registry] 
New type java.util.Vector<domain.ReserveStatus>

------------------------------------------------------------------------------------------------------------------------

[2024-04-04 17:57:02 #1 store] 
Database 'C:\Users\Xabi\git\Rides24\src\main\resources\rides.temp' is opened by 16704@DESKTOP-PNFEN4V

[2024-04-04 17:57:04 #2 type.registry] 
New type domain.User

[2024-04-04 17:57:04 #3 type] 
Type domain.User is not enhanced.

[2024-04-04 17:57:04 #4 type.registry] 
New type domain.Movement

[2024-04-04 17:57:04 #5 type.registry] 
New type java.util.ArrayList<domain.Movement>

[2024-04-04 17:57:04 #6 type.registry] 
New type domain.Driver

[2024-04-04 17:57:04 #7 type] 
Type domain.Driver is not enhanced.

[2024-04-04 17:57:04 #8 type.registry] 
New type domain.Car

[2024-04-04 17:57:04 #9 type.registry] 
New type java.util.ArrayList<domain.Car>

[2024-04-04 17:57:04 #10 type] 
Type domain.Car is not enhanced.

[2024-04-04 17:57:04 #11 type.registry] 
New type domain.Ride

[2024-04-04 17:57:04 #12 type.registry] 
New type java.util.ArrayList<domain.Ride>

[2024-04-04 17:57:04 #13 type] 
Type domain.Ride is not enhanced.

[2024-04-04 17:57:04 #14 type.registry] 
New type domain.ReserveStatus

[2024-04-04 17:57:04 #15 type.registry] 
New type domain.ReserveStatus[]

[2024-04-04 17:57:04 #16 type] 
Type domain.ReserveStatus is not enhanced.

[2024-04-04 17:57:04 #17 type.registry] 
New type domain.Traveler

[2024-04-04 17:57:04 #18 type] 
Type domain.Traveler is not enhanced.

[2024-04-04 17:57:04 #19 type.registry] 
New type java.util.ArrayList<java.lang.Object>

[2024-04-04 17:57:04 #20 type.registry] 
New type java.util.Vector<java.lang.Object>

[2024-04-04 17:57:04 #21 type.registry] 
New type java.util.Vector<domain.ReserveStatus>

------------------------------------------------------------------------------------------------------------------------

[2024-04-04 17:58:40 #1 store] 
Database 'C:\Users\Xabi\git\Rides24\src\main\resources\rides.temp' is opened by 17276@DESKTOP-PNFEN4V

[2024-04-04 17:58:44 #2 type.registry] 
New type domain.User

[2024-04-04 17:58:44 #3 type] 
Type domain.User is not enhanced.

[2024-04-04 17:58:44 #4 type.registry] 
New type domain.Movement

[2024-04-04 17:58:44 #5 type.registry] 
New type java.util.ArrayList<domain.Movement>

[2024-04-04 17:58:44 #6 type.registry] 
New type domain.Driver

[2024-04-04 17:58:44 #7 type] 
Type domain.Driver is not enhanced.

[2024-04-04 17:58:44 #8 type.registry] 
New type domain.Car

[2024-04-04 17:58:44 #9 type.registry] 
New type java.util.ArrayList<domain.Car>

[2024-04-04 17:58:44 #10 type] 
Type domain.Car is not enhanced.

[2024-04-04 17:58:44 #11 type.registry] 
New type domain.Ride

[2024-04-04 17:58:44 #12 type.registry] 
New type java.util.ArrayList<domain.Ride>

[2024-04-04 17:58:44 #13 type] 
Type domain.Ride is not enhanced.

[2024-04-04 17:58:44 #14 type.registry] 
New type domain.ReserveStatus

[2024-04-04 17:58:44 #15 type.registry] 
New type domain.ReserveStatus[]

[2024-04-04 17:58:44 #16 type] 
Type domain.ReserveStatus is not enhanced.

[2024-04-04 17:58:44 #17 type.registry] 
New type domain.Traveler

[2024-04-04 17:58:44 #18 type] 
Type domain.Traveler is not enhanced.

[2024-04-04 17:58:44 #19 type.registry] 
New type java.util.ArrayList<java.lang.Object>

[2024-04-04 17:58:44 #20 type.registry] 
New type java.util.Vector<java.lang.Object>

[2024-04-04 17:58:44 #21 type.registry] 
New type java.util.Vector<domain.ReserveStatus>

------------------------------------------------------------------------------------------------------------------------

[2024-04-04 18:13:52 #1 store] 
Database 'C:\Users\Xabi\git\Rides24\src\main\resources\rides.temp' is opened by 1656@DESKTOP-PNFEN4V

[2024-04-04 18:13:54 #2 type.registry] 
New type domain.User

[2024-04-04 18:13:54 #3 type] 
Type domain.User is not enhanced.

[2024-04-04 18:13:54 #4 type.registry] 
New type domain.Movement

[2024-04-04 18:13:54 #5 type.registry] 
New type java.util.ArrayList<domain.Movement>

[2024-04-04 18:13:54 #6 type.registry] 
New type domain.Driver

[2024-04-04 18:13:54 #7 type] 
Type domain.Driver is not enhanced.

[2024-04-04 18:13:54 #8 type.registry] 
New type domain.Car

[2024-04-04 18:13:54 #9 type.registry] 
New type java.util.ArrayList<domain.Car>

[2024-04-04 18:13:54 #10 type] 
Type domain.Car is not enhanced.

[2024-04-04 18:13:54 #11 type.registry] 
New type domain.Ride

[2024-04-04 18:13:54 #12 type.registry] 
New type java.util.ArrayList<domain.Ride>

[2024-04-04 18:13:54 #13 type] 
Type domain.Ride is not enhanced.

[2024-04-04 18:13:54 #14 type.registry] 
New type domain.ReserveStatus

[2024-04-04 18:13:54 #15 type.registry] 
New type domain.ReserveStatus[]

[2024-04-04 18:13:54 #16 type] 
Type domain.ReserveStatus is not enhanced.

[2024-04-04 18:13:54 #17 type.registry] 
New type domain.Traveler

[2024-04-04 18:13:54 #18 type] 
Type domain.Traveler is not enhanced.

[2024-04-04 18:13:54 #19 type.registry] 
New type java.util.ArrayList<java.lang.Object>

[2024-04-04 18:13:54 #20 type.registry] 
New type java.util.Vector<java.lang.Object>

[2024-04-04 18:13:54 #21 type.registry] 
New type java.util.Vector<domain.ReserveStatus>

------------------------------------------------------------------------------------------------------------------------

[2024-04-04 18:18:36 #1 store] 
Database 'C:\Users\Xabi\git\Rides24\src\main\resources\rides.temp' is opened by 9952@DESKTOP-PNFEN4V

[2024-04-04 18:18:38 #2 type.registry] 
New type domain.User

[2024-04-04 18:18:38 #3 type] 
Type domain.User is not enhanced.

[2024-04-04 18:18:38 #4 type.registry] 
New type domain.Movement

[2024-04-04 18:18:38 #5 type.registry] 
New type java.util.ArrayList<domain.Movement>

[2024-04-04 18:18:38 #6 type.registry] 
New type domain.Driver

[2024-04-04 18:18:38 #7 type] 
Type domain.Driver is not enhanced.

[2024-04-04 18:18:38 #8 type.registry] 
New type domain.Car

[2024-04-04 18:18:38 #9 type.registry] 
New type java.util.ArrayList<domain.Car>

[2024-04-04 18:18:38 #10 type] 
Type domain.Car is not enhanced.

[2024-04-04 18:18:38 #11 type.registry] 
New type domain.Ride

[2024-04-04 18:18:38 #12 type.registry] 
New type java.util.ArrayList<domain.Ride>

[2024-04-04 18:18:38 #13 type] 
Type domain.Ride is not enhanced.

[2024-04-04 18:18:38 #14 type.registry] 
New type domain.ReserveStatus

[2024-04-04 18:18:38 #15 type.registry] 
New type domain.ReserveStatus[]

[2024-04-04 18:18:38 #16 type] 
Type domain.ReserveStatus is not enhanced.

[2024-04-04 18:18:38 #17 type.registry] 
New type domain.Traveler

[2024-04-04 18:18:38 #18 type] 
Type domain.Traveler is not enhanced.

[2024-04-04 18:18:38 #19 type.registry] 
New type java.util.ArrayList<java.lang.Object>

[2024-04-04 18:18:38 #20 type.registry] 
New type java.util.Vector<java.lang.Object>

[2024-04-04 18:18:38 #21 type.registry] 
New type java.util.Vector<domain.ReserveStatus>

------------------------------------------------------------------------------------------------------------------------

[2024-04-04 18:20:42 #1 store] 
Database 'C:\Users\Xabi\git\Rides24\src\main\resources\rides.temp' is opened by 7520@DESKTOP-PNFEN4V

[2024-04-04 18:20:42 #2 type.registry] 
New type domain.User

[2024-04-04 18:20:42 #3 type] 
Type domain.User is not enhanced.

[2024-04-04 18:20:42 #4 type.registry] 
New type domain.Movement

[2024-04-04 18:20:42 #5 type.registry] 
New type java.util.ArrayList<domain.Movement>

[2024-04-04 18:20:42 #6 type.registry] 
New type domain.Driver

[2024-04-04 18:20:42 #7 type] 
Type domain.Driver is not enhanced.

[2024-04-04 18:20:42 #8 type.registry] 
New type domain.Car

[2024-04-04 18:20:42 #9 type.registry] 
New type java.util.ArrayList<domain.Car>

[2024-04-04 18:20:42 #10 type] 
Type domain.Car is not enhanced.

[2024-04-04 18:20:42 #11 type.registry] 
New type domain.Ride

[2024-04-04 18:20:42 #12 type.registry] 
New type java.util.ArrayList<domain.Ride>

[2024-04-04 18:20:42 #13 type] 
Type domain.Ride is not enhanced.

[2024-04-04 18:20:42 #14 type.registry] 
New type domain.ReserveStatus

[2024-04-04 18:20:42 #15 type.registry] 
New type domain.ReserveStatus[]

[2024-04-04 18:20:42 #16 type] 
Type domain.ReserveStatus is not enhanced.

[2024-04-04 18:20:42 #17 type.registry] 
New type domain.Traveler

[2024-04-04 18:20:42 #18 type] 
Type domain.Traveler is not enhanced.

[2024-04-04 18:20:42 #19 type.registry] 
New type java.util.ArrayList<java.lang.Object>

[2024-04-04 18:20:42 #20 type.registry] 
New type java.util.Vector<java.lang.Object>

[2024-04-04 18:20:42 #21 type.registry] 
New type java.util.Vector<domain.ReserveStatus>

------------------------------------------------------------------------------------------------------------------------

[2024-04-04 18:41:21 #1 store] 
Database 'C:\Users\Xabi\git\Rides24\src\main\resources\rides.temp' has been recovered (tr. 1-10)

[2024-04-04 18:41:21 #2 store] 
Database 'C:\Users\Xabi\git\Rides24\src\main\resources\rides.temp' is opened by 14452@DESKTOP-PNFEN4V

[2024-04-04 18:41:21 #3 type] 
Type domain.User is not enhanced.

[2024-04-04 18:41:21 #4 type] 
Type domain.Driver is not enhanced.

[2024-04-04 18:41:21 #5 type] 
Type domain.Car is not enhanced.

[2024-04-04 18:41:21 #6 type] 
Type domain.Ride is not enhanced.

[2024-04-04 18:41:21 #7 type] 
Type domain.ReserveStatus is not enhanced.

[2024-04-04 18:41:21 #8 type] 
Type domain.Traveler is not enhanced.

------------------------------------------------------------------------------------------------------------------------

[2024-04-04 18:50:24 #1 store] 
Database 'C:\Users\Xabi\git\Rides24\src\main\resources\rides.temp' is opened by 12716@DESKTOP-PNFEN4V

------------------------------------------------------------------------------------------------------------------------

[2024-04-04 18:50:44 #1 store] 
Database 'C:\Users\Xabi\git\Rides24\src\main\resources\rides.temp' has been recovered (tr. 1-2)

[2024-04-04 18:50:44 #2 store] 
Database 'C:\Users\Xabi\git\Rides24\src\main\resources\rides.temp' is opened by 14984@DESKTOP-PNFEN4V

[2024-04-04 18:50:45 #3 type.registry] 
New type domain.User

[2024-04-04 18:50:45 #4 type] 
Type domain.User is not enhanced.

[2024-04-04 18:50:45 #5 type.registry] 
New type domain.Movement

[2024-04-04 18:50:45 #6 type.registry] 
New type java.util.ArrayList<domain.Movement>

[2024-04-04 18:50:45 #7 type.registry] 
New type domain.Driver

[2024-04-04 18:50:45 #8 type] 
Type domain.Driver is not enhanced.

[2024-04-04 18:50:45 #9 type.registry] 
New type domain.Car

[2024-04-04 18:50:45 #10 type.registry] 
New type java.util.ArrayList<domain.Car>

[2024-04-04 18:50:45 #11 type] 
Type domain.Car is not enhanced.

[2024-04-04 18:50:45 #12 type.registry] 
New type domain.Ride

[2024-04-04 18:50:45 #13 type.registry] 
New type java.util.ArrayList<domain.Ride>

[2024-04-04 18:50:45 #14 type] 
Type domain.Ride is not enhanced.

[2024-04-04 18:50:45 #15 type.registry] 
New type domain.ReserveStatus

[2024-04-04 18:50:45 #16 type.registry] 
New type domain.ReserveStatus[]

[2024-04-04 18:50:45 #17 type] 
Type domain.ReserveStatus is not enhanced.

[2024-04-04 18:50:45 #18 type.registry] 
New type domain.Traveler

[2024-04-04 18:50:45 #19 type] 
Type domain.Traveler is not enhanced.

[2024-04-04 18:50:45 #20 type.registry] 
New type java.util.ArrayList<java.lang.Object>

[2024-04-04 18:50:45 #21 type.registry] 
New type java.util.Vector<java.lang.Object>

[2024-04-04 18:50:45 #22 type.registry] 
New type java.util.Vector<domain.ReserveStatus>

------------------------------------------------------------------------------------------------------------------------

[2024-04-04 21:48:21 #1 store] 
Database 'C:\Users\Xabi\git\Rides24\src\main\resources\rides.temp' has been recovered (tr. 3-10)

[2024-04-04 21:48:21 #2 store] 
Database 'C:\Users\Xabi\git\Rides24\src\main\resources\rides.temp' is opened by 17124@DESKTOP-PNFEN4V

[2024-04-04 21:48:21 #3 type] 
Type domain.User is not enhanced.

[2024-04-04 21:48:21 #4 type] 
Type domain.Driver is not enhanced.

[2024-04-04 21:48:21 #5 type] 
Type domain.Car is not enhanced.

[2024-04-04 21:48:21 #6 type] 
Type domain.Ride is not enhanced.

[2024-04-04 21:48:21 #7 type] 
Type domain.ReserveStatus is not enhanced.

[2024-04-04 21:48:21 #8 type] 
Type domain.Traveler is not enhanced.

------------------------------------------------------------------------------------------------------------------------

[2024-04-04 21:53:11 #1 store] 
Database 'C:\Users\Xabi\git\Rides24\src\main\resources\rides.temp' is opened by 2316@DESKTOP-PNFEN4V

[2024-04-04 21:53:11 #2 type] 
Type domain.User is not enhanced.

[2024-04-04 21:53:11 #3 type] 
Type domain.Driver is not enhanced.

[2024-04-04 21:53:11 #4 type] 
Type domain.Car is not enhanced.

[2024-04-04 21:53:11 #5 type] 
Type domain.Ride is not enhanced.

[2024-04-04 21:53:11 #6 type] 
Type domain.ReserveStatus is not enhanced.

[2024-04-04 21:53:11 #7 type] 
Type domain.Traveler is not enhanced.

------------------------------------------------------------------------------------------------------------------------

[2024-04-04 21:54:09 #1 store] 
Database 'C:\Users\Xabi\git\Rides24\src\main\resources\rides.temp' is opened by 8604@DESKTOP-PNFEN4V

[2024-04-04 21:54:09 #2 type] 
Type domain.User is not enhanced.

[2024-04-04 21:54:09 #3 type] 
Type domain.Driver is not enhanced.

[2024-04-04 21:54:09 #4 type] 
Type domain.Car is not enhanced.

[2024-04-04 21:54:09 #5 type] 
Type domain.Ride is not enhanced.

[2024-04-04 21:54:09 #6 type] 
Type domain.ReserveStatus is not enhanced.

[2024-04-04 21:54:09 #7 type] 
Type domain.Traveler is not enhanced.

------------------------------------------------------------------------------------------------------------------------

[2024-04-04 21:55:13 #1 store] 
Database 'C:\Users\Xabi\git\Rides24\src\main\resources\rides.temp' is opened by 6864@DESKTOP-PNFEN4V

[2024-04-04 21:55:13 #2 type] 
Type domain.User is not enhanced.

[2024-04-04 21:55:13 #3 type] 
Type domain.Driver is not enhanced.

[2024-04-04 21:55:13 #4 type] 
Type domain.Car is not enhanced.

[2024-04-04 21:55:13 #5 type] 
Type domain.Ride is not enhanced.

[2024-04-04 21:55:13 #6 type] 
Type domain.ReserveStatus is not enhanced.

[2024-04-04 21:55:13 #7 type] 
Type domain.Traveler is not enhanced.

------------------------------------------------------------------------------------------------------------------------

[2024-04-04 21:57:16 #1 store] 
Database 'C:\Users\Xabi\git\Rides24\src\main\resources\rides.temp' is opened by 12676@DESKTOP-PNFEN4V

[2024-04-04 21:57:16 #2 type] 
Type domain.User is not enhanced.

[2024-04-04 21:57:16 #3 type] 
Type domain.Driver is not enhanced.

[2024-04-04 21:57:16 #4 type] 
Type domain.Car is not enhanced.

[2024-04-04 21:57:16 #5 type] 
Type domain.Ride is not enhanced.

[2024-04-04 21:57:16 #6 type] 
Type domain.ReserveStatus is not enhanced.

[2024-04-04 21:57:16 #7 type] 
Type domain.Traveler is not enhanced.

------------------------------------------------------------------------------------------------------------------------

[2024-04-04 21:58:16 #1 store] 
Database 'C:\Users\Xabi\git\Rides24\src\main\resources\rides.temp' is opened by 15340@DESKTOP-PNFEN4V

[2024-04-04 21:58:16 #2 type] 
Type domain.User is not enhanced.

[2024-04-04 21:58:16 #3 type] 
Type domain.Driver is not enhanced.

[2024-04-04 21:58:16 #4 type] 
Type domain.Car is not enhanced.

[2024-04-04 21:58:16 #5 type] 
Type domain.Ride is not enhanced.

[2024-04-04 21:58:16 #6 type] 
Type domain.ReserveStatus is not enhanced.

[2024-04-04 21:58:16 #7 type] 
Type domain.Traveler is not enhanced.

------------------------------------------------------------------------------------------------------------------------

[2024-04-04 22:03:53 #1 store] 
Database 'C:\Users\Xabi\git\Rides24\src\main\resources\rides.temp' is opened by 18332@DESKTOP-PNFEN4V

[2024-04-04 22:03:53 #2 type] 
Type domain.User is not enhanced.

[2024-04-04 22:03:53 #3 type] 
Type domain.Driver is not enhanced.

[2024-04-04 22:03:53 #4 type] 
Type domain.Car is not enhanced.

[2024-04-04 22:03:53 #5 type] 
Type domain.Ride is not enhanced.

[2024-04-04 22:03:53 #6 type] 
Type domain.ReserveStatus is not enhanced.

[2024-04-04 22:03:53 #7 type] 
Type domain.Traveler is not enhanced.

------------------------------------------------------------------------------------------------------------------------

[2024-04-04 22:04:57 #1 store] 
Database 'C:\Users\Xabi\git\Rides24\src\main\resources\rides.temp' has been recovered (tr. 12-13)

[2024-04-04 22:04:57 #2 store] 
Database 'C:\Users\Xabi\git\Rides24\src\main\resources\rides.temp' is opened by 3552@DESKTOP-PNFEN4V

[2024-04-04 22:04:57 #3 type] 
Type domain.User is not enhanced.

[2024-04-04 22:04:57 #4 type] 
Type domain.Driver is not enhanced.

[2024-04-04 22:04:57 #5 type] 
Type domain.Car is not enhanced.

[2024-04-04 22:04:57 #6 type] 
Type domain.Ride is not enhanced.

[2024-04-04 22:04:57 #7 type] 
Type domain.ReserveStatus is not enhanced.

[2024-04-04 22:04:57 #8 type] 
Type domain.Traveler is not enhanced.

------------------------------------------------------------------------------------------------------------------------

[2024-04-04 22:06:15 #1 store] 
Database 'C:\Users\Xabi\git\Rides24\src\main\resources\rides.temp' has been recovered (tr. 14-14)

[2024-04-04 22:06:15 #2 store] 
Database 'C:\Users\Xabi\git\Rides24\src\main\resources\rides.temp' is opened by 17720@DESKTOP-PNFEN4V

[2024-04-04 22:06:15 #3 type] 
Type domain.User is not enhanced.

[2024-04-04 22:06:15 #4 type] 
Type domain.Driver is not enhanced.

[2024-04-04 22:06:15 #5 type] 
Type domain.Car is not enhanced.

[2024-04-04 22:06:15 #6 type] 
Type domain.Ride is not enhanced.

[2024-04-04 22:06:15 #7 type] 
Type domain.ReserveStatus is not enhanced.

[2024-04-04 22:06:15 #8 type] 
Type domain.Traveler is not enhanced.

------------------------------------------------------------------------------------------------------------------------

[2024-04-04 22:08:21 #1 store] 
Database 'C:\Users\Xabi\git\Rides24\src\main\resources\rides.temp' is opened by 7372@DESKTOP-PNFEN4V

[2024-04-04 22:08:21 #2 type] 
Type domain.User is not enhanced.

[2024-04-04 22:08:21 #3 type] 
Type domain.Driver is not enhanced.

[2024-04-04 22:08:21 #4 type] 
Type domain.Car is not enhanced.

[2024-04-04 22:08:21 #5 type] 
Type domain.Ride is not enhanced.

[2024-04-04 22:08:21 #6 type] 
Type domain.ReserveStatus is not enhanced.

[2024-04-04 22:08:21 #7 type] 
Type domain.Traveler is not enhanced.

------------------------------------------------------------------------------------------------------------------------

[2024-04-04 22:09:08 #1 store] 
Database 'C:\Users\Xabi\git\Rides24\src\main\resources\rides.temp' is opened by 11620@DESKTOP-PNFEN4V

[2024-04-04 22:09:09 #2 type] 
Type domain.User is not enhanced.

[2024-04-04 22:09:09 #3 type] 
Type domain.Driver is not enhanced.

[2024-04-04 22:09:09 #4 type] 
Type domain.Car is not enhanced.

[2024-04-04 22:09:09 #5 type] 
Type domain.Ride is not enhanced.

[2024-04-04 22:09:09 #6 type] 
Type domain.ReserveStatus is not enhanced.

[2024-04-04 22:09:09 #7 type] 
Type domain.Traveler is not enhanced.

------------------------------------------------------------------------------------------------------------------------

[2024-04-04 22:16:07 #1 store] 
Database 'C:\Users\Xabi\git\Rides24\src\main\resources\rides.temp' is opened by 14940@DESKTOP-PNFEN4V

[2024-04-04 22:16:07 #2 type] 
Type domain.User is not enhanced.

[2024-04-04 22:16:07 #3 type] 
Type domain.Driver is not enhanced.

[2024-04-04 22:16:07 #4 type] 
Type domain.Car is not enhanced.

[2024-04-04 22:16:07 #5 type] 
Type domain.Ride is not enhanced.

[2024-04-04 22:16:07 #6 type] 
Type domain.ReserveStatus is not enhanced.

[2024-04-04 22:16:07 #7 type] 
Type domain.Traveler is not enhanced.

------------------------------------------------------------------------------------------------------------------------

[2024-04-04 22:17:17 #1 store] 
Database 'C:\Users\Xabi\git\Rides24\src\main\resources\rides.temp' has been recovered (tr. 22-22)

[2024-04-04 22:17:17 #2 store] 
Database 'C:\Users\Xabi\git\Rides24\src\main\resources\rides.temp' is opened by 7336@DESKTOP-PNFEN4V

[2024-04-04 22:17:17 #3 type] 
Type domain.User is not enhanced.

[2024-04-04 22:17:17 #4 type] 
Type domain.Driver is not enhanced.

[2024-04-04 22:17:17 #5 type] 
Type domain.Car is not enhanced.

[2024-04-04 22:17:17 #6 type] 
Type domain.Ride is not enhanced.

[2024-04-04 22:17:17 #7 type] 
Type domain.ReserveStatus is not enhanced.

[2024-04-04 22:17:17 #8 type] 
Type domain.Traveler is not enhanced.

------------------------------------------------------------------------------------------------------------------------

[2024-04-04 22:18:36 #1 store] 
Database 'C:\Users\Xabi\git\Rides24\src\main\resources\rides.temp' has been recovered (tr. 23-25)

[2024-04-04 22:18:36 #2 store] 
Database 'C:\Users\Xabi\git\Rides24\src\main\resources\rides.temp' is opened by 17248@DESKTOP-PNFEN4V

[2024-04-04 22:18:36 #3 type] 
Type domain.User is not enhanced.

[2024-04-04 22:18:36 #4 type] 
Type domain.Driver is not enhanced.

[2024-04-04 22:18:36 #5 type] 
Type domain.Car is not enhanced.

[2024-04-04 22:18:36 #6 type] 
Type domain.Ride is not enhanced.

[2024-04-04 22:18:36 #7 type] 
Type domain.ReserveStatus is not enhanced.

[2024-04-04 22:18:36 #8 type] 
Type domain.Traveler is not enhanced.

------------------------------------------------------------------------------------------------------------------------

[2024-04-04 22:34:22 #1 store] 
Database 'C:\Users\Xabi\git\Rides24\src\main\resources\rides.temp' has been recovered (tr. 26-27)

[2024-04-04 22:34:22 #2 store] 
Database 'C:\Users\Xabi\git\Rides24\src\main\resources\rides.temp' is opened by 4088@DESKTOP-PNFEN4V

[2024-04-04 22:34:22 #3 type] 
Type domain.User is not enhanced.

[2024-04-04 22:34:22 #4 type] 
Type domain.Driver is not enhanced.

[2024-04-04 22:34:22 #5 type] 
Type domain.Car is not enhanced.

[2024-04-04 22:34:22 #6 type] 
Type domain.Ride is not enhanced.

[2024-04-04 22:34:22 #7 type] 
Type domain.ReserveStatus is not enhanced.

[2024-04-04 22:34:22 #8 type] 
Type domain.Traveler is not enhanced.

------------------------------------------------------------------------------------------------------------------------

[2024-04-04 22:41:53 #1 store] 
Database 'C:\Users\Xabi\git\Rides24\src\main\resources\rides.temp' has been recovered (tr. 28-32)

[2024-04-04 22:41:54 #2 store] 
Database 'C:\Users\Xabi\git\Rides24\src\main\resources\rides.temp' is opened by 11724@DESKTOP-PNFEN4V

[2024-04-04 22:41:54 #3 type] 
Type domain.User is not enhanced.

[2024-04-04 22:41:54 #4 type] 
Type domain.Driver is not enhanced.

[2024-04-04 22:41:54 #5 type] 
Type domain.Car is not enhanced.

[2024-04-04 22:41:54 #6 type] 
Type domain.Ride is not enhanced.

[2024-04-04 22:41:54 #7 type] 
Type domain.ReserveStatus is not enhanced.

[2024-04-04 22:41:54 #8 type] 
Type domain.Traveler is not enhanced.

------------------------------------------------------------------------------------------------------------------------

[2024-04-04 22:44:26 #1 store] 
Database 'C:\Users\Xabi\git\Rides24\src\main\resources\rides.temp' has been recovered (tr. 33-35)

[2024-04-04 22:44:26 #2 store] 
Database 'C:\Users\Xabi\git\Rides24\src\main\resources\rides.temp' is opened by 5124@DESKTOP-PNFEN4V

[2024-04-04 22:44:26 #3 type] 
Type domain.User is not enhanced.

[2024-04-04 22:44:26 #4 type] 
Type domain.Driver is not enhanced.

[2024-04-04 22:44:26 #5 type] 
Type domain.Car is not enhanced.

[2024-04-04 22:44:26 #6 type] 
Type domain.Ride is not enhanced.

[2024-04-04 22:44:26 #7 type] 
Type domain.ReserveStatus is not enhanced.

[2024-04-04 22:44:26 #8 type] 
Type domain.Traveler is not enhanced.

------------------------------------------------------------------------------------------------------------------------

[2024-04-04 22:45:49 #1 store] 
Database 'C:\Users\Xabi\git\Rides24\src\main\resources\rides.temp' has been recovered (tr. 36-41)

[2024-04-04 22:45:49 #2 store] 
Database 'C:\Users\Xabi\git\Rides24\src\main\resources\rides.temp' is opened by 16048@DESKTOP-PNFEN4V

[2024-04-04 22:45:49 #3 type] 
Type domain.User is not enhanced.

[2024-04-04 22:45:49 #4 type] 
Type domain.Driver is not enhanced.

[2024-04-04 22:45:49 #5 type] 
Type domain.Car is not enhanced.

[2024-04-04 22:45:49 #6 type] 
Type domain.Ride is not enhanced.

[2024-04-04 22:45:49 #7 type] 
Type domain.ReserveStatus is not enhanced.

[2024-04-04 22:45:49 #8 type] 
Type domain.Traveler is not enhanced.

