------------------------------------------------------------------------------------------------------------------------

[2024-03-03 18:54:58 #1 store] 
Database 'C:\Users\Usuario\git\Rides24\src\main\resources\rides.temp' has been recovered (tr. 30-30)

[2024-03-03 18:54:58 #2 store] 
Database 'C:\Users\Usuario\git\Rides24\src\main\resources\rides.temp' is opened by 5588@MikelCarrasco

[2024-03-03 18:54:58 #3 type] 
Type domain.User is not enhanced.

[2024-03-03 18:54:58 #4 type] 
Type domain.Driver is not enhanced.

[2024-03-03 18:54:58 #5 type] 
Type domain.Ride is not enhanced.

[2024-03-03 18:54:58 #6 type] 
Type domain.ReserveStatus is not enhanced.

[2024-03-03 18:54:58 #7 type] 
Type domain.Traveler is not enhanced.

------------------------------------------------------------------------------------------------------------------------

[2024-03-03 19:07:20 #1 store] 
Database 'C:\Users\Usuario\git\Rides24\src\main\resources\rides.temp' has been recovered (tr. 31-31)

[2024-03-03 19:07:20 #2 store] 
Database 'C:\Users\Usuario\git\Rides24\src\main\resources\rides.temp' is opened by 9776@MikelCarrasco

[2024-03-03 19:07:21 #3 type] 
Type domain.User is not enhanced.

[2024-03-03 19:07:21 #4 type] 
Type domain.Driver is not enhanced.

[2024-03-03 19:07:21 #5 type] 
Type domain.Ride is not enhanced.

[2024-03-03 19:07:21 #6 type] 
Type domain.ReserveStatus is not enhanced.

[2024-03-03 19:07:21 #7 type] 
Type domain.Traveler is not enhanced.

------------------------------------------------------------------------------------------------------------------------

[2024-03-03 19:07:53 #1 store] 
Database 'C:\Users\Usuario\git\Rides24\src\main\resources\rides.temp' is opened by 11936@MikelCarrasco

[2024-03-03 19:07:53 #2 type] 
Type domain.User is not enhanced.

[2024-03-03 19:07:53 #3 type] 
Type domain.Driver is not enhanced.

[2024-03-03 19:07:53 #4 type] 
Type domain.Ride is not enhanced.

[2024-03-03 19:07:53 #5 type] 
Type domain.ReserveStatus is not enhanced.

[2024-03-03 19:07:53 #6 type] 
Type domain.Traveler is not enhanced.

------------------------------------------------------------------------------------------------------------------------

[2024-03-03 19:09:00 #1 store] 
Database 'C:\Users\Usuario\git\Rides24\src\main\resources\rides.temp' has been recovered (tr. 32-32)

[2024-03-03 19:09:00 #2 store] 
Database 'C:\Users\Usuario\git\Rides24\src\main\resources\rides.temp' is opened by 17116@MikelCarrasco

[2024-03-03 19:09:00 #3 type] 
Type domain.User is not enhanced.

[2024-03-03 19:09:00 #4 type] 
Type domain.Driver is not enhanced.

[2024-03-03 19:09:00 #5 type] 
Type domain.Ride is not enhanced.

[2024-03-03 19:09:00 #6 type] 
Type domain.ReserveStatus is not enhanced.

[2024-03-03 19:09:00 #7 type] 
Type domain.Traveler is not enhanced.

------------------------------------------------------------------------------------------------------------------------

[2024-03-03 19:14:20 #1 store] 
Database 'C:\Users\Usuario\git\Rides24\src\main\resources\rides.temp' has been recovered (tr. 33-33)

[2024-03-03 19:14:20 #2 store] 
Database 'C:\Users\Usuario\git\Rides24\src\main\resources\rides.temp' is opened by 11444@MikelCarrasco

[2024-03-03 19:14:20 #3 type] 
Type domain.User is not enhanced.

[2024-03-03 19:14:20 #4 type] 
Type domain.Driver is not enhanced.

[2024-03-03 19:14:20 #5 type] 
Type domain.Ride is not enhanced.

[2024-03-03 19:14:20 #6 type] 
Type domain.ReserveStatus is not enhanced.

[2024-03-03 19:14:20 #7 type] 
Type domain.Traveler is not enhanced.

------------------------------------------------------------------------------------------------------------------------

[2024-03-03 19:14:28 #1 store] 
Database 'C:\Users\Usuario\git\Rides24\src\main\resources\rides.temp' is opened by 16836@MikelCarrasco

[2024-03-03 19:14:28 #2 type] 
Type domain.User is not enhanced.

[2024-03-03 19:14:28 #3 type] 
Type domain.Driver is not enhanced.

[2024-03-03 19:14:28 #4 type] 
Type domain.Ride is not enhanced.

[2024-03-03 19:14:28 #5 type] 
Type domain.ReserveStatus is not enhanced.

[2024-03-03 19:14:28 #6 type] 
Type domain.Traveler is not enhanced.

------------------------------------------------------------------------------------------------------------------------

[2024-03-03 19:21:34 #1 store] 
Database 'C:\Users\Usuario\git\Rides24\src\main\resources\rides.temp' is opened by 15476@MikelCarrasco

[2024-03-03 19:21:34 #2 type] 
Type domain.User is not enhanced.

[2024-03-03 19:21:34 #3 type] 
Type domain.Driver is not enhanced.

[2024-03-03 19:21:34 #4 type] 
Type domain.Ride is not enhanced.

[2024-03-03 19:21:34 #5 type] 
Type domain.ReserveStatus is not enhanced.

[2024-03-03 19:21:34 #6 type] 
Type domain.Traveler is not enhanced.

------------------------------------------------------------------------------------------------------------------------

[2024-03-03 19:21:44 #1 store] 
Database 'C:\Users\Usuario\git\Rides24\src\main\resources\rides.temp' is opened by 14540@MikelCarrasco

[2024-03-03 19:21:44 #2 type] 
Type domain.User is not enhanced.

[2024-03-03 19:21:44 #3 type] 
Type domain.Driver is not enhanced.

[2024-03-03 19:21:44 #4 type] 
Type domain.Ride is not enhanced.

[2024-03-03 19:21:44 #5 type] 
Type domain.ReserveStatus is not enhanced.

[2024-03-03 19:21:44 #6 type] 
Type domain.Traveler is not enhanced.

------------------------------------------------------------------------------------------------------------------------

[2024-03-03 21:42:44 #1 store] 
Database 'C:\Users\Usuario\git\Rides24\src\main\resources\rides.temp' has been recovered (tr. 34-34)

[2024-03-03 21:42:44 #2 store] 
Database 'C:\Users\Usuario\git\Rides24\src\main\resources\rides.temp' is opened by 10800@MikelCarrasco

[2024-03-03 21:42:45 #3 type] 
Type domain.User is not enhanced.

[2024-03-03 21:42:45 #4 type] 
Type domain.Driver is not enhanced.

[2024-03-03 21:42:45 #5 type] 
Type domain.Ride is not enhanced.

[2024-03-03 21:42:45 #6 type] 
Type domain.ReserveStatus is not enhanced.

[2024-03-03 21:42:45 #7 type] 
Type domain.Traveler is not enhanced.

------------------------------------------------------------------------------------------------------------------------

[2024-03-03 22:06:57 #1 store] 
Database 'C:\Users\Usuario\git\Rides24\src\main\resources\rides.temp' is opened by 11124@MikelCarrasco

[2024-03-03 22:06:57 #2 type] 
Type domain.User is not enhanced.

[2024-03-03 22:06:57 #3 type] 
Type domain.Driver is not enhanced.

[2024-03-03 22:06:57 #4 type] 
Type domain.Ride is not enhanced.

[2024-03-03 22:06:57 #5 type] 
Type domain.ReserveStatus is not enhanced.

[2024-03-03 22:06:57 #6 type] 
Type domain.Traveler is not enhanced.

