------------------------------------------------------------------------------------------------------------------------

[2024-05-06 21:46:35 #1 store] 
Database 'C:\Users\Xabi\git\Rides24\src\main\resources\rides.temp' is opened by 14748@DESKTOP-PNFEN4V

[2024-05-06 21:46:35 #2 type] 
Type domain.User is not enhanced.

[2024-05-06 21:46:35 #3 type] 
Type domain.Driver is not enhanced.

[2024-05-06 21:46:35 #4 type] 
Type domain.Car is not enhanced.

[2024-05-06 21:46:35 #5 type] 
Type domain.Ride is not enhanced.

[2024-05-06 21:46:35 #6 type] 
Type domain.ReserveStatus is not enhanced.

[2024-05-06 21:46:35 #7 type] 
Type domain.Traveler is not enhanced.

------------------------------------------------------------------------------------------------------------------------

[2024-05-06 21:49:12 #1 store] 
Database 'C:\Users\Xabi\git\Rides24\src\main\resources\rides.temp' is opened by 14116@DESKTOP-PNFEN4V

[2024-05-06 21:49:12 #2 type] 
Type domain.User is not enhanced.

[2024-05-06 21:49:12 #3 type] 
Type domain.Driver is not enhanced.

[2024-05-06 21:49:12 #4 type] 
Type domain.Car is not enhanced.

[2024-05-06 21:49:12 #5 type] 
Type domain.Ride is not enhanced.

[2024-05-06 21:49:12 #6 type] 
Type domain.ReserveStatus is not enhanced.

[2024-05-06 21:49:12 #7 type] 
Type domain.Traveler is not enhanced.

------------------------------------------------------------------------------------------------------------------------

[2024-05-06 21:50:18 #1 store] 
Database 'C:\Users\Xabi\git\Rides24\src\main\resources\rides.temp' is opened by 7040@DESKTOP-PNFEN4V

[2024-05-06 21:50:18 #2 type] 
Type domain.User is not enhanced.

[2024-05-06 21:50:18 #3 type] 
Type domain.Driver is not enhanced.

[2024-05-06 21:50:18 #4 type] 
Type domain.Car is not enhanced.

[2024-05-06 21:50:18 #5 type] 
Type domain.Ride is not enhanced.

[2024-05-06 21:50:18 #6 type] 
Type domain.ReserveStatus is not enhanced.

[2024-05-06 21:50:18 #7 type] 
Type domain.Traveler is not enhanced.

------------------------------------------------------------------------------------------------------------------------

[2024-05-06 21:56:13 #1 store] 
Database 'C:\Users\Xabi\git\Rides24\src\main\resources\rides.temp' is opened by 20536@DESKTOP-PNFEN4V

[2024-05-06 21:56:13 #2 type] 
Type domain.User is not enhanced.

[2024-05-06 21:56:13 #3 type] 
Type domain.Driver is not enhanced.

[2024-05-06 21:56:13 #4 type] 
Type domain.Car is not enhanced.

[2024-05-06 21:56:13 #5 type] 
Type domain.Ride is not enhanced.

[2024-05-06 21:56:13 #6 type] 
Type domain.ReserveStatus is not enhanced.

[2024-05-06 21:56:13 #7 type] 
Type domain.Traveler is not enhanced.

------------------------------------------------------------------------------------------------------------------------

[2024-05-06 21:57:22 #1 store] 
Database 'C:\Users\Xabi\git\Rides24\src\main\resources\rides.temp' is opened by 1256@DESKTOP-PNFEN4V

[2024-05-06 21:57:23 #2 type] 
Type domain.User is not enhanced.

[2024-05-06 21:57:23 #3 type] 
Type domain.Driver is not enhanced.

[2024-05-06 21:57:23 #4 type] 
Type domain.Car is not enhanced.

[2024-05-06 21:57:23 #5 type] 
Type domain.Ride is not enhanced.

[2024-05-06 21:57:23 #6 type] 
Type domain.ReserveStatus is not enhanced.

[2024-05-06 21:57:23 #7 type] 
Type domain.Traveler is not enhanced.

------------------------------------------------------------------------------------------------------------------------

[2024-05-06 21:59:29 #1 store] 
Database 'C:\Users\Xabi\git\Rides24\src\main\resources\rides.temp' is opened by 11120@DESKTOP-PNFEN4V

[2024-05-06 21:59:40 #2 type.registry] 
New type domain.User

[2024-05-06 21:59:40 #3 type] 
Type domain.User is not enhanced.

[2024-05-06 21:59:40 #4 type.registry] 
New type domain.Movement

[2024-05-06 21:59:40 #5 type.registry] 
New type java.util.ArrayList<domain.Movement>

[2024-05-06 21:59:40 #6 type.registry] 
New type domain.Driver

[2024-05-06 21:59:40 #7 type] 
Type domain.Driver is not enhanced.

[2024-05-06 21:59:40 #8 type.registry] 
New type domain.Car

[2024-05-06 21:59:40 #9 type.registry] 
New type java.util.ArrayList<domain.Car>

[2024-05-06 21:59:40 #10 type] 
Type domain.Car is not enhanced.

[2024-05-06 21:59:40 #11 type.registry] 
New type domain.Ride

[2024-05-06 21:59:40 #12 type.registry] 
New type java.util.ArrayList<domain.Ride>

[2024-05-06 21:59:40 #13 type] 
Type domain.Ride is not enhanced.

[2024-05-06 21:59:40 #14 type.registry] 
New type domain.ReserveStatus

[2024-05-06 21:59:40 #15 type.registry] 
New type domain.ReserveStatus[]

[2024-05-06 21:59:40 #16 type] 
Type domain.ReserveStatus is not enhanced.

[2024-05-06 21:59:40 #17 type.registry] 
New type domain.Traveler

[2024-05-06 21:59:40 #18 type] 
Type domain.Traveler is not enhanced.

[2024-05-06 21:59:40 #19 type.registry] 
New type java.util.ArrayList<java.lang.Object>

------------------------------------------------------------------------------------------------------------------------

[2024-05-06 22:07:55 #1 store] 
Database 'C:\Users\Xabi\git\Rides24\src\main\resources\rides.temp' is opened by 2020@DESKTOP-PNFEN4V

------------------------------------------------------------------------------------------------------------------------

[2024-05-06 22:10:04 #1 store] 
Database 'C:\Users\Xabi\git\Rides24\src\main\resources\rides.temp' is opened by 11968@DESKTOP-PNFEN4V

------------------------------------------------------------------------------------------------------------------------

[2024-05-06 22:12:40 #1 store] 
Database 'C:\Users\Xabi\git\Rides24\src\main\resources\rides.temp' is opened by 8976@DESKTOP-PNFEN4V

[2024-05-06 22:12:42 #2 type.registry] 
New type domain.User

[2024-05-06 22:12:42 #3 type] 
Type domain.User is not enhanced.

[2024-05-06 22:12:42 #4 type.registry] 
New type domain.Movement

[2024-05-06 22:12:42 #5 type.registry] 
New type java.util.ArrayList<domain.Movement>

[2024-05-06 22:12:42 #6 type.registry] 
New type domain.Driver

[2024-05-06 22:12:42 #7 type] 
Type domain.Driver is not enhanced.

[2024-05-06 22:12:42 #8 type.registry] 
New type domain.Car

[2024-05-06 22:12:42 #9 type.registry] 
New type java.util.ArrayList<domain.Car>

[2024-05-06 22:12:42 #10 type] 
Type domain.Car is not enhanced.

[2024-05-06 22:12:42 #11 type.registry] 
New type domain.Ride

[2024-05-06 22:12:42 #12 type.registry] 
New type java.util.ArrayList<domain.Ride>

[2024-05-06 22:12:42 #13 type] 
Type domain.Ride is not enhanced.

[2024-05-06 22:12:42 #14 type.registry] 
New type domain.ReserveStatus

[2024-05-06 22:12:42 #15 type.registry] 
New type domain.ReserveStatus[]

[2024-05-06 22:12:42 #16 type] 
Type domain.ReserveStatus is not enhanced.

[2024-05-06 22:12:42 #17 type.registry] 
New type domain.Traveler

[2024-05-06 22:12:42 #18 type] 
Type domain.Traveler is not enhanced.

[2024-05-06 22:12:42 #19 type.registry] 
New type java.util.ArrayList<java.lang.Object>

------------------------------------------------------------------------------------------------------------------------

[2024-05-06 22:14:10 #1 store] 
Database 'C:\Users\Xabi\git\Rides24\src\main\resources\rides.temp' is opened by 17468@DESKTOP-PNFEN4V

[2024-05-06 22:14:10 #2 type.registry] 
New type domain.User

[2024-05-06 22:14:10 #3 type] 
Type domain.User is not enhanced.

[2024-05-06 22:14:10 #4 type.registry] 
New type domain.Movement

[2024-05-06 22:14:10 #5 type.registry] 
New type java.util.ArrayList<domain.Movement>

[2024-05-06 22:14:10 #6 type.registry] 
New type domain.Driver

[2024-05-06 22:14:10 #7 type] 
Type domain.Driver is not enhanced.

[2024-05-06 22:14:10 #8 type.registry] 
New type domain.Car

[2024-05-06 22:14:10 #9 type.registry] 
New type java.util.ArrayList<domain.Car>

[2024-05-06 22:14:10 #10 type] 
Type domain.Car is not enhanced.

[2024-05-06 22:14:10 #11 type.registry] 
New type domain.Ride

[2024-05-06 22:14:10 #12 type.registry] 
New type java.util.ArrayList<domain.Ride>

[2024-05-06 22:14:10 #13 type] 
Type domain.Ride is not enhanced.

[2024-05-06 22:14:10 #14 type.registry] 
New type domain.ReserveStatus

[2024-05-06 22:14:10 #15 type.registry] 
New type domain.ReserveStatus[]

[2024-05-06 22:14:10 #16 type] 
Type domain.ReserveStatus is not enhanced.

[2024-05-06 22:14:10 #17 type.registry] 
New type domain.Traveler

[2024-05-06 22:14:10 #18 type] 
Type domain.Traveler is not enhanced.

[2024-05-06 22:14:10 #19 type.registry] 
New type java.util.ArrayList<java.lang.Object>

------------------------------------------------------------------------------------------------------------------------

[2024-05-06 22:15:32 #1 store] 
Database 'C:\Users\Xabi\git\Rides24\src\main\resources\rides.temp' is opened by 16116@DESKTOP-PNFEN4V

[2024-05-06 22:15:32 #2 type.registry] 
New type domain.User

[2024-05-06 22:15:32 #3 type] 
Type domain.User is not enhanced.

[2024-05-06 22:15:32 #4 type.registry] 
New type domain.Movement

[2024-05-06 22:15:32 #5 type.registry] 
New type java.util.ArrayList<domain.Movement>

[2024-05-06 22:15:32 #6 type.registry] 
New type domain.Driver

[2024-05-06 22:15:32 #7 type] 
Type domain.Driver is not enhanced.

[2024-05-06 22:15:32 #8 type.registry] 
New type domain.Car

[2024-05-06 22:15:32 #9 type.registry] 
New type java.util.ArrayList<domain.Car>

[2024-05-06 22:15:32 #10 type] 
Type domain.Car is not enhanced.

[2024-05-06 22:15:32 #11 type.registry] 
New type domain.Ride

[2024-05-06 22:15:32 #12 type.registry] 
New type java.util.ArrayList<domain.Ride>

[2024-05-06 22:15:32 #13 type] 
Type domain.Ride is not enhanced.

[2024-05-06 22:15:32 #14 type.registry] 
New type domain.ReserveStatus

[2024-05-06 22:15:32 #15 type.registry] 
New type domain.ReserveStatus[]

[2024-05-06 22:15:32 #16 type] 
Type domain.ReserveStatus is not enhanced.

[2024-05-06 22:15:32 #17 type.registry] 
New type domain.Traveler

[2024-05-06 22:15:32 #18 type] 
Type domain.Traveler is not enhanced.

[2024-05-06 22:15:32 #19 type.registry] 
New type java.util.ArrayList<java.lang.Object>

------------------------------------------------------------------------------------------------------------------------

[2024-05-06 22:16:41 #1 store] 
Database 'C:\Users\Xabi\git\Rides24\src\main\resources\rides.temp' is opened by 16820@DESKTOP-PNFEN4V

[2024-05-06 22:16:43 #2 type.registry] 
New type domain.User

[2024-05-06 22:16:43 #3 type] 
Type domain.User is not enhanced.

[2024-05-06 22:16:43 #4 type.registry] 
New type domain.Movement

[2024-05-06 22:16:43 #5 type.registry] 
New type java.util.ArrayList<domain.Movement>

[2024-05-06 22:16:43 #6 type.registry] 
New type domain.Driver

[2024-05-06 22:16:43 #7 type] 
Type domain.Driver is not enhanced.

[2024-05-06 22:16:43 #8 type.registry] 
New type domain.Car

[2024-05-06 22:16:43 #9 type.registry] 
New type java.util.ArrayList<domain.Car>

[2024-05-06 22:16:43 #10 type] 
Type domain.Car is not enhanced.

[2024-05-06 22:16:43 #11 type.registry] 
New type domain.Ride

[2024-05-06 22:16:43 #12 type.registry] 
New type java.util.ArrayList<domain.Ride>

[2024-05-06 22:16:43 #13 type] 
Type domain.Ride is not enhanced.

[2024-05-06 22:16:43 #14 type.registry] 
New type domain.ReserveStatus

[2024-05-06 22:16:43 #15 type.registry] 
New type domain.ReserveStatus[]

[2024-05-06 22:16:43 #16 type] 
Type domain.ReserveStatus is not enhanced.

[2024-05-06 22:16:43 #17 type.registry] 
New type domain.Traveler

[2024-05-06 22:16:43 #18 type] 
Type domain.Traveler is not enhanced.

[2024-05-06 22:16:43 #19 type.registry] 
New type java.util.ArrayList<java.lang.Object>

------------------------------------------------------------------------------------------------------------------------

[2024-05-06 22:17:26 #1 store] 
Database 'C:\Users\Xabi\git\Rides24\src\main\resources\rides.temp' is opened by 10580@DESKTOP-PNFEN4V

[2024-05-06 22:17:26 #2 type.registry] 
New type domain.User

[2024-05-06 22:17:26 #3 type] 
Type domain.User is not enhanced.

[2024-05-06 22:17:26 #4 type.registry] 
New type domain.Movement

[2024-05-06 22:17:26 #5 type.registry] 
New type java.util.ArrayList<domain.Movement>

[2024-05-06 22:17:26 #6 type.registry] 
New type domain.Driver

[2024-05-06 22:17:26 #7 type] 
Type domain.Driver is not enhanced.

[2024-05-06 22:17:26 #8 type.registry] 
New type domain.Car

[2024-05-06 22:17:26 #9 type.registry] 
New type java.util.ArrayList<domain.Car>

[2024-05-06 22:17:26 #10 type] 
Type domain.Car is not enhanced.

[2024-05-06 22:17:26 #11 type.registry] 
New type domain.Ride

[2024-05-06 22:17:26 #12 type.registry] 
New type java.util.ArrayList<domain.Ride>

[2024-05-06 22:17:26 #13 type] 
Type domain.Ride is not enhanced.

[2024-05-06 22:17:26 #14 type.registry] 
New type domain.ReserveStatus

[2024-05-06 22:17:26 #15 type.registry] 
New type domain.ReserveStatus[]

[2024-05-06 22:17:26 #16 type] 
Type domain.ReserveStatus is not enhanced.

[2024-05-06 22:17:26 #17 type.registry] 
New type domain.Traveler

[2024-05-06 22:17:26 #18 type] 
Type domain.Traveler is not enhanced.

[2024-05-06 22:17:26 #19 type.registry] 
New type java.util.ArrayList<java.lang.Object>

------------------------------------------------------------------------------------------------------------------------

[2024-05-06 22:18:33 #1 store] 
Database 'C:\Users\Xabi\git\Rides24\src\main\resources\rides.temp' has been recovered (tr. 1-8)

[2024-05-06 22:18:34 #2 store] 
Database 'C:\Users\Xabi\git\Rides24\src\main\resources\rides.temp' is opened by 21496@DESKTOP-PNFEN4V

[2024-05-06 22:18:34 #3 type] 
Type domain.User is not enhanced.

[2024-05-06 22:18:34 #4 type] 
Type domain.Driver is not enhanced.

[2024-05-06 22:18:34 #5 type] 
Type domain.Car is not enhanced.

[2024-05-06 22:18:34 #6 type] 
Type domain.Ride is not enhanced.

[2024-05-06 22:18:34 #7 type] 
Type domain.ReserveStatus is not enhanced.

[2024-05-06 22:18:34 #8 type] 
Type domain.Traveler is not enhanced.

------------------------------------------------------------------------------------------------------------------------

[2024-05-06 22:22:59 #1 store] 
Database 'C:\Users\Xabi\git\Rides24\src\main\resources\rides.temp' is opened by 11932@DESKTOP-PNFEN4V

[2024-05-06 22:22:59 #2 type] 
Type domain.User is not enhanced.

[2024-05-06 22:22:59 #3 type] 
Type domain.Driver is not enhanced.

[2024-05-06 22:22:59 #4 type] 
Type domain.Car is not enhanced.

[2024-05-06 22:22:59 #5 type] 
Type domain.Ride is not enhanced.

[2024-05-06 22:22:59 #6 type] 
Type domain.ReserveStatus is not enhanced.

[2024-05-06 22:22:59 #7 type] 
Type domain.Traveler is not enhanced.

------------------------------------------------------------------------------------------------------------------------

[2024-05-06 22:29:12 #1 store] 
Database 'C:\Users\Xabi\git\Rides24\src\main\resources\rides.temp' is opened by 7968@DESKTOP-PNFEN4V

[2024-05-06 22:29:12 #2 type] 
Type domain.User is not enhanced.

[2024-05-06 22:29:12 #3 type] 
Type domain.Driver is not enhanced.

[2024-05-06 22:29:12 #4 type] 
Type domain.Car is not enhanced.

[2024-05-06 22:29:12 #5 type] 
Type domain.Ride is not enhanced.

[2024-05-06 22:29:12 #6 type] 
Type domain.ReserveStatus is not enhanced.

[2024-05-06 22:29:12 #7 type] 
Type domain.Traveler is not enhanced.

------------------------------------------------------------------------------------------------------------------------

[2024-05-06 22:31:10 #1 store] 
Database 'C:\Users\Xabi\git\Rides24\src\main\resources\rides.temp' is opened by 20976@DESKTOP-PNFEN4V

[2024-05-06 22:31:11 #2 type.registry] 
New type domain.User

[2024-05-06 22:31:11 #3 type] 
Type domain.User is not enhanced.

[2024-05-06 22:31:11 #4 type.registry] 
New type domain.Movement

[2024-05-06 22:31:11 #5 type.registry] 
New type java.util.ArrayList<domain.Movement>

[2024-05-06 22:31:11 #6 type.registry] 
New type domain.Driver

[2024-05-06 22:31:11 #7 type] 
Type domain.Driver is not enhanced.

[2024-05-06 22:31:11 #8 type.registry] 
New type domain.Car

[2024-05-06 22:31:11 #9 type.registry] 
New type java.util.ArrayList<domain.Car>

[2024-05-06 22:31:11 #10 type] 
Type domain.Car is not enhanced.

[2024-05-06 22:31:11 #11 type.registry] 
New type domain.Ride

[2024-05-06 22:31:11 #12 type.registry] 
New type java.util.ArrayList<domain.Ride>

[2024-05-06 22:31:11 #13 type] 
Type domain.Ride is not enhanced.

[2024-05-06 22:31:11 #14 type.registry] 
New type domain.ReserveStatus

[2024-05-06 22:31:11 #15 type.registry] 
New type domain.ReserveStatus[]

[2024-05-06 22:31:11 #16 type] 
Type domain.ReserveStatus is not enhanced.

[2024-05-06 22:31:11 #17 type.registry] 
New type domain.Traveler

[2024-05-06 22:31:11 #18 type] 
Type domain.Traveler is not enhanced.

[2024-05-06 22:31:11 #19 type.registry] 
New type java.util.ArrayList<java.lang.Object>

[2024-05-06 22:31:11 #20 type.registry] 
New type java.util.Vector<java.lang.Object>

[2024-05-06 22:31:11 #21 type.registry] 
New type java.util.Vector<domain.ReserveStatus>

------------------------------------------------------------------------------------------------------------------------

[2024-05-06 22:33:36 #1 store] 
Database 'C:\Users\Xabi\git\Rides24\src\main\resources\rides.temp' is opened by 5272@DESKTOP-PNFEN4V

[2024-05-06 22:33:38 #2 type.registry] 
New type domain.User

[2024-05-06 22:33:38 #3 type] 
Type domain.User is not enhanced.

[2024-05-06 22:33:38 #4 type.registry] 
New type domain.Movement

[2024-05-06 22:33:38 #5 type.registry] 
New type java.util.ArrayList<domain.Movement>

[2024-05-06 22:33:38 #6 type] 
Type domain.Movement is not enhanced.

[2024-05-06 22:33:38 #7 type.registry] 
New type domain.Driver

[2024-05-06 22:33:38 #8 type] 
Type domain.Driver is not enhanced.

[2024-05-06 22:33:38 #9 type.registry] 
New type domain.Car

[2024-05-06 22:33:38 #10 type.registry] 
New type java.util.ArrayList<domain.Car>

[2024-05-06 22:33:38 #11 type] 
Type domain.Car is not enhanced.

[2024-05-06 22:33:38 #12 type.registry] 
New type domain.Ride

[2024-05-06 22:33:38 #13 type.registry] 
New type java.util.ArrayList<domain.Ride>

[2024-05-06 22:33:38 #14 type] 
Type domain.Ride is not enhanced.

[2024-05-06 22:33:38 #15 type.registry] 
New type domain.ReserveStatus

[2024-05-06 22:33:38 #16 type.registry] 
New type domain.ReserveStatus[]

[2024-05-06 22:33:38 #17 type] 
Type domain.ReserveStatus is not enhanced.

[2024-05-06 22:33:38 #18 type.registry] 
New type domain.Traveler

[2024-05-06 22:33:38 #19 type] 
Type domain.Traveler is not enhanced.

[2024-05-06 22:33:38 #20 type.registry] 
New type java.util.ArrayList<java.lang.Object>

[2024-05-06 22:33:38 #21 type.registry] 
New type java.util.Vector<java.lang.Object>

[2024-05-06 22:33:38 #22 type.registry] 
New type java.util.Vector<domain.ReserveStatus>

------------------------------------------------------------------------------------------------------------------------

[2024-05-06 22:34:40 #1 store] 
Database 'C:\Users\Xabi\git\Rides24\src\main\resources\rides.temp' is opened by 10648@DESKTOP-PNFEN4V

[2024-05-06 22:34:41 #2 type.registry] 
New type domain.User

[2024-05-06 22:34:41 #3 type] 
Type domain.User is not enhanced.

[2024-05-06 22:34:41 #4 type.registry] 
New type domain.Movement

[2024-05-06 22:34:41 #5 type.registry] 
New type java.util.ArrayList<domain.Movement>

[2024-05-06 22:34:41 #6 type] 
Type domain.Movement is not enhanced.

[2024-05-06 22:34:41 #7 type.registry] 
New type domain.Driver

[2024-05-06 22:34:41 #8 type] 
Type domain.Driver is not enhanced.

[2024-05-06 22:34:41 #9 type.registry] 
New type domain.Car

[2024-05-06 22:34:41 #10 type.registry] 
New type java.util.ArrayList<domain.Car>

[2024-05-06 22:34:41 #11 type] 
Type domain.Car is not enhanced.

[2024-05-06 22:34:41 #12 type.registry] 
New type domain.Ride

[2024-05-06 22:34:41 #13 type.registry] 
New type java.util.ArrayList<domain.Ride>

[2024-05-06 22:34:41 #14 type] 
Type domain.Ride is not enhanced.

[2024-05-06 22:34:41 #15 type.registry] 
New type domain.ReserveStatus

[2024-05-06 22:34:41 #16 type.registry] 
New type domain.ReserveStatus[]

[2024-05-06 22:34:41 #17 type] 
Type domain.ReserveStatus is not enhanced.

[2024-05-06 22:34:41 #18 type.registry] 
New type domain.Traveler

[2024-05-06 22:34:41 #19 type] 
Type domain.Traveler is not enhanced.

[2024-05-06 22:34:41 #20 type.registry] 
New type java.util.ArrayList<java.lang.Object>

[2024-05-06 22:34:41 #21 type.registry] 
New type java.util.Vector<java.lang.Object>

[2024-05-06 22:34:41 #22 type.registry] 
New type java.util.Vector<domain.ReserveStatus>

------------------------------------------------------------------------------------------------------------------------

[2024-05-06 22:40:53 #1 store] 
Database 'C:\Users\Xabi\git\Rides24\src\main\resources\rides.temp' is opened by 2020@DESKTOP-PNFEN4V

[2024-05-06 22:40:54 #2 type.registry] 
New type domain.User

[2024-05-06 22:40:54 #3 type] 
Type domain.User is not enhanced.

[2024-05-06 22:40:54 #4 type.registry] 
New type domain.Movement

[2024-05-06 22:40:54 #5 type.registry] 
New type java.util.ArrayList<domain.Movement>

[2024-05-06 22:40:54 #6 type] 
Type domain.Movement is not enhanced.

[2024-05-06 22:40:54 #7 type.registry] 
New type domain.Driver

[2024-05-06 22:40:54 #8 type] 
Type domain.Driver is not enhanced.

[2024-05-06 22:40:54 #9 type.registry] 
New type domain.Car

[2024-05-06 22:40:54 #10 type.registry] 
New type java.util.ArrayList<domain.Car>

[2024-05-06 22:40:54 #11 type] 
Type domain.Car is not enhanced.

[2024-05-06 22:40:54 #12 type.registry] 
New type domain.Ride

[2024-05-06 22:40:54 #13 type.registry] 
New type java.util.ArrayList<domain.Ride>

[2024-05-06 22:40:54 #14 type] 
Type domain.Ride is not enhanced.

[2024-05-06 22:40:54 #15 type.registry] 
New type domain.ReserveStatus

[2024-05-06 22:40:54 #16 type.registry] 
New type domain.ReserveStatus[]

[2024-05-06 22:40:54 #17 type] 
Type domain.ReserveStatus is not enhanced.

[2024-05-06 22:40:54 #18 type.registry] 
New type domain.Traveler

[2024-05-06 22:40:54 #19 type] 
Type domain.Traveler is not enhanced.

[2024-05-06 22:40:54 #20 type.registry] 
New type java.util.ArrayList<java.lang.Object>

[2024-05-06 22:40:54 #21 type.registry] 
New type java.util.Vector<java.lang.Object>

[2024-05-06 22:40:54 #22 type.registry] 
New type java.util.Vector<domain.ReserveStatus>

