------------------------------------------------------------------------------------------------------------------------

[2024-03-02 10:38:06 #1 store] 
Database 'C:\Users\Usuario\git\Rides24\src\main\resources\rides.temp' is opened by 14128@MikelCarrasco

[2024-03-02 10:38:29 #2 type.registry] 
New type domain.User

[2024-03-02 10:38:29 #3 type] 
Type domain.User is not enhanced.

[2024-03-02 10:38:29 #4 type.registry] 
New type domain.Traveler

[2024-03-02 10:38:29 #5 type] 
Type domain.Traveler is not enhanced.

[2024-03-02 10:38:29 #6 type.registry] 
New type domain.Ride

[2024-03-02 10:38:29 #7 type] 
Type domain.Ride is not enhanced.

[2024-03-02 10:38:29 #8 type.registry] 
New type domain.Driver

[2024-03-02 10:38:29 #9 type.registry] 
New type domain.ReserveStatus

[2024-03-02 10:38:29 #10 type.registry] 
New type java.util.ArrayList<domain.ReserveStatus>

[2024-03-02 10:38:29 #11 type] 
Type domain.Driver is not enhanced.

[2024-03-02 10:38:29 #12 type.registry] 
New type java.util.Vector<java.lang.Object>

[2024-03-02 10:38:29 #13 type.registry] 
New type java.util.Vector<domain.Ride>

------------------------------------------------------------------------------------------------------------------------

[2024-03-02 10:38:45 #1 store] 
Database 'C:\Users\Usuario\git\Rides24\src\main\resources\rides.temp' is opened by 11232@MikelCarrasco

------------------------------------------------------------------------------------------------------------------------

[2024-03-02 10:38:55 #1 store] 
Database 'C:\Users\Usuario\git\Rides24\src\main\resources\rides.temp' is opened by 14720@MikelCarrasco

[2024-03-02 10:39:08 #2 type.registry] 
New type domain.User

[2024-03-02 10:39:08 #3 type] 
Type domain.User is not enhanced.

[2024-03-02 10:39:08 #4 type.registry] 
New type domain.Traveler

[2024-03-02 10:39:08 #5 type] 
Type domain.Traveler is not enhanced.

[2024-03-02 10:39:08 #6 type.registry] 
New type domain.Ride

[2024-03-02 10:39:08 #7 type] 
Type domain.Ride is not enhanced.

[2024-03-02 10:39:08 #8 type.registry] 
New type domain.Driver

[2024-03-02 10:39:08 #9 type.registry] 
New type domain.ReserveStatus

[2024-03-02 10:39:08 #10 type.registry] 
New type java.util.ArrayList<domain.ReserveStatus>

[2024-03-02 10:39:08 #11 type] 
Type domain.Driver is not enhanced.

[2024-03-02 10:39:08 #12 type.registry] 
New type java.util.Vector<java.lang.Object>

[2024-03-02 10:39:08 #13 type.registry] 
New type java.util.Vector<domain.Ride>

------------------------------------------------------------------------------------------------------------------------

[2024-03-02 10:41:00 #1 store] 
Database 'C:\Users\Usuario\git\Rides24\src\main\resources\rides.temp' is opened by 8200@MikelCarrasco

[2024-03-02 10:41:13 #2 type.registry] 
New type domain.User

[2024-03-02 10:41:13 #3 type] 
Type domain.User is not enhanced.

[2024-03-02 10:41:13 #4 type.registry] 
New type domain.Traveler

[2024-03-02 10:41:13 #5 type] 
Type domain.Traveler is not enhanced.

[2024-03-02 10:41:13 #6 type.registry] 
New type domain.Ride

[2024-03-02 10:41:13 #7 type] 
Type domain.Ride is not enhanced.

[2024-03-02 10:41:13 #8 type.registry] 
New type domain.Driver

[2024-03-02 10:41:13 #9 type.registry] 
New type domain.ReserveStatus

[2024-03-02 10:41:13 #10 type.registry] 
New type java.util.ArrayList<domain.ReserveStatus>

[2024-03-02 10:41:13 #11 type] 
Type domain.Driver is not enhanced.

[2024-03-02 10:41:13 #12 type.registry] 
New type java.util.Vector<java.lang.Object>

[2024-03-02 10:41:13 #13 type.registry] 
New type java.util.Vector<domain.Ride>

------------------------------------------------------------------------------------------------------------------------

[2024-03-02 10:44:03 #1 store] 
Database 'C:\Users\Usuario\git\Rides24\src\main\resources\rides.temp' is opened by 3028@MikelCarrasco

------------------------------------------------------------------------------------------------------------------------

[2024-03-02 10:57:38 #1 store] 
Database 'C:\Users\Usuario\git\Rides24\src\main\resources\rides.temp' is opened by 748@MikelCarrasco

[2024-03-02 10:57:50 #2 type.registry] 
New type domain.User

[2024-03-02 10:57:50 #3 type] 
Type domain.User is not enhanced.

[2024-03-02 10:57:50 #4 type.registry] 
New type domain.Traveler

[2024-03-02 10:57:50 #5 type] 
Type domain.Traveler is not enhanced.

[2024-03-02 10:57:50 #6 type.registry] 
New type domain.Ride

[2024-03-02 10:57:50 #7 type] 
Type domain.Ride is not enhanced.

[2024-03-02 10:57:50 #8 type.registry] 
New type domain.Driver

[2024-03-02 10:57:50 #9 type.registry] 
New type domain.ReserveStatus

[2024-03-02 10:57:50 #10 type.registry] 
New type java.util.ArrayList<domain.ReserveStatus>

[2024-03-02 10:57:50 #11 type] 
Type domain.Driver is not enhanced.

[2024-03-02 10:57:50 #12 type.registry] 
New type java.util.Vector<java.lang.Object>

[2024-03-02 10:57:50 #13 type.registry] 
New type java.util.Vector<domain.Ride>

------------------------------------------------------------------------------------------------------------------------

[2024-03-02 11:30:23 #1 store] 
Database 'C:\Users\Usuario\git\Rides24\src\main\resources\rides.temp' is opened by 1908@MikelCarrasco

[2024-03-02 11:30:33 #2 type.registry] 
New type domain.User

[2024-03-02 11:30:33 #3 type] 
Type domain.User is not enhanced.

[2024-03-02 11:30:33 #4 type.registry] 
New type domain.Traveler

[2024-03-02 11:30:33 #5 type] 
Type domain.Traveler is not enhanced.

[2024-03-02 11:30:33 #6 type.registry] 
New type domain.Ride

[2024-03-02 11:30:33 #7 type] 
Type domain.Ride is not enhanced.

[2024-03-02 11:30:33 #8 type.registry] 
New type domain.Driver

[2024-03-02 11:30:33 #9 type.registry] 
New type domain.ReserveStatus

[2024-03-02 11:30:33 #10 type.registry] 
New type java.util.ArrayList<domain.ReserveStatus>

[2024-03-02 11:30:33 #11 type] 
Type domain.Driver is not enhanced.

[2024-03-02 11:30:33 #12 type.registry] 
New type java.util.Vector<java.lang.Object>

[2024-03-02 11:30:33 #13 type.registry] 
New type java.util.Vector<domain.Ride>

------------------------------------------------------------------------------------------------------------------------

[2024-03-02 11:36:42 #1 store] 
Database 'C:\Users\Usuario\git\Rides24\src\main\resources\rides.temp' is opened by 1304@MikelCarrasco

[2024-03-02 11:36:58 #2 type.registry] 
New type domain.User

[2024-03-02 11:36:58 #3 type] 
Type domain.User is not enhanced.

[2024-03-02 11:36:58 #4 type.registry] 
New type domain.Driver

[2024-03-02 11:36:58 #5 type] 
Type domain.Driver is not enhanced.

[2024-03-02 11:36:58 #6 type.registry] 
New type domain.Ride

[2024-03-02 11:36:58 #7 type] 
Type domain.Ride is not enhanced.

[2024-03-02 11:36:58 #8 type.registry] 
New type domain.ReserveStatus

[2024-03-02 11:36:58 #9 type.registry] 
New type java.util.ArrayList<domain.ReserveStatus>

[2024-03-02 11:36:58 #10 type.registry] 
New type java.util.Vector<java.lang.Object>

[2024-03-02 11:36:58 #11 type.registry] 
New type java.util.Vector<domain.Ride>

------------------------------------------------------------------------------------------------------------------------

[2024-03-02 11:40:25 #1 store] 
Database 'C:\Users\Usuario\git\Rides24\src\main\resources\rides.temp' is opened by 7704@MikelCarrasco

[2024-03-02 11:40:35 #2 type.registry] 
New type domain.User

[2024-03-02 11:40:35 #3 type] 
Type domain.User is not enhanced.

[2024-03-02 11:40:35 #4 type.registry] 
New type domain.Driver

[2024-03-02 11:40:35 #5 type] 
Type domain.Driver is not enhanced.

[2024-03-02 11:40:35 #6 type.registry] 
New type domain.Ride

[2024-03-02 11:40:35 #7 type] 
Type domain.Ride is not enhanced.

[2024-03-02 11:40:35 #8 type.registry] 
New type domain.ReserveStatus

[2024-03-02 11:40:35 #9 type.registry] 
New type java.util.ArrayList<domain.ReserveStatus>

[2024-03-02 11:40:35 #10 type.registry] 
New type java.util.Vector<java.lang.Object>

[2024-03-02 11:40:35 #11 type.registry] 
New type java.util.Vector<domain.Ride>

------------------------------------------------------------------------------------------------------------------------

[2024-03-02 11:44:48 #1 store] 
Database 'C:\Users\Usuario\git\Rides24\src\main\resources\rides.temp' is opened by 8096@MikelCarrasco

[2024-03-02 11:45:05 #2 type.registry] 
New type domain.User

[2024-03-02 11:45:05 #3 type] 
Type domain.User is not enhanced.

[2024-03-02 11:45:05 #4 type.registry] 
New type domain.Driver

[2024-03-02 11:45:05 #5 type] 
Type domain.Driver is not enhanced.

[2024-03-02 11:45:05 #6 type.registry] 
New type domain.Ride

[2024-03-02 11:45:05 #7 type] 
Type domain.Ride is not enhanced.

[2024-03-02 11:45:05 #8 type.registry] 
New type domain.ReserveStatus

[2024-03-02 11:45:05 #9 type.registry] 
New type java.util.ArrayList<domain.ReserveStatus>

[2024-03-02 11:45:05 #10 type.registry] 
New type java.util.Vector<java.lang.Object>

[2024-03-02 11:45:05 #11 type.registry] 
New type java.util.Vector<domain.Ride>

[2024-03-02 11:45:52 #12 type.registry] 
New type domain.Traveler

[2024-03-02 11:45:52 #13 type] 
Type domain.Traveler is not enhanced.

------------------------------------------------------------------------------------------------------------------------

[2024-03-02 11:59:30 #1 store] 
Database 'C:\Users\Usuario\git\Rides24\src\main\resources\rides.temp' is opened by 12096@MikelCarrasco

[2024-03-02 11:59:45 #2 type.registry] 
New type domain.User

[2024-03-02 11:59:45 #3 type] 
Type domain.User is not enhanced.

[2024-03-02 11:59:45 #4 type.registry] 
New type domain.Driver

[2024-03-02 11:59:45 #5 type] 
Type domain.Driver is not enhanced.

[2024-03-02 11:59:45 #6 type.registry] 
New type domain.Ride

[2024-03-02 11:59:45 #7 type] 
Type domain.Ride is not enhanced.

[2024-03-02 11:59:45 #8 type.registry] 
New type domain.ReserveStatus

[2024-03-02 11:59:45 #9 type.registry] 
New type java.util.ArrayList<domain.ReserveStatus>

[2024-03-02 11:59:45 #10 type.registry] 
New type java.util.Vector<java.lang.Object>

[2024-03-02 11:59:45 #11 type.registry] 
New type java.util.Vector<domain.Ride>

[2024-03-02 11:59:51 #12 type.registry] 
New type domain.Traveler

[2024-03-02 11:59:51 #13 type] 
Type domain.Traveler is not enhanced.

------------------------------------------------------------------------------------------------------------------------

[2024-03-02 12:02:40 #1 store] 
Database 'C:\Users\Usuario\git\Rides24\src\main\resources\rides.temp' is opened by 16840@MikelCarrasco

[2024-03-02 12:02:49 #2 type.registry] 
New type domain.User

[2024-03-02 12:02:49 #3 type] 
Type domain.User is not enhanced.

[2024-03-02 12:02:49 #4 type.registry] 
New type domain.Driver

[2024-03-02 12:02:49 #5 type] 
Type domain.Driver is not enhanced.

[2024-03-02 12:02:49 #6 type.registry] 
New type domain.Ride

[2024-03-02 12:02:49 #7 type] 
Type domain.Ride is not enhanced.

[2024-03-02 12:02:49 #8 type.registry] 
New type domain.ReserveStatus

[2024-03-02 12:02:49 #9 type.registry] 
New type java.util.ArrayList<domain.ReserveStatus>

[2024-03-02 12:02:49 #10 type.registry] 
New type java.util.Vector<java.lang.Object>

[2024-03-02 12:02:49 #11 type.registry] 
New type java.util.Vector<domain.Ride>

------------------------------------------------------------------------------------------------------------------------

[2024-03-02 12:10:41 #1 store] 
Database 'C:\Users\Usuario\git\Rides24\src\main\resources\rides.temp' is opened by 14192@MikelCarrasco

[2024-03-02 12:10:50 #2 type.registry] 
New type domain.User

[2024-03-02 12:10:50 #3 type] 
Type domain.User is not enhanced.

[2024-03-02 12:10:50 #4 type.registry] 
New type domain.Driver

[2024-03-02 12:10:50 #5 type] 
Type domain.Driver is not enhanced.

[2024-03-02 12:10:50 #6 type.registry] 
New type domain.Ride

[2024-03-02 12:10:50 #7 type] 
Type domain.Ride is not enhanced.

[2024-03-02 12:10:50 #8 type.registry] 
New type domain.ReserveStatus

[2024-03-02 12:10:50 #9 type.registry] 
New type java.util.ArrayList<domain.ReserveStatus>

[2024-03-02 12:10:50 #10 type.registry] 
New type java.util.Vector<java.lang.Object>

[2024-03-02 12:10:50 #11 type.registry] 
New type java.util.Vector<domain.Ride>

[2024-03-02 12:11:08 #12 type.registry] 
New type domain.Traveler

[2024-03-02 12:11:08 #13 type] 
Type domain.Traveler is not enhanced.

------------------------------------------------------------------------------------------------------------------------

[2024-03-02 12:12:58 #1 store] 
Database 'C:\Users\Usuario\git\Rides24\src\main\resources\rides.temp' is opened by 6976@MikelCarrasco

[2024-03-02 12:13:08 #2 type.registry] 
New type domain.User

[2024-03-02 12:13:08 #3 type] 
Type domain.User is not enhanced.

[2024-03-02 12:13:09 #4 type.registry] 
New type domain.Driver

[2024-03-02 12:13:09 #5 type] 
Type domain.Driver is not enhanced.

[2024-03-02 12:13:09 #6 type.registry] 
New type domain.Ride

[2024-03-02 12:13:09 #7 type] 
Type domain.Ride is not enhanced.

[2024-03-02 12:13:09 #8 type.registry] 
New type domain.ReserveStatus

[2024-03-02 12:13:09 #9 type.registry] 
New type java.util.ArrayList<domain.ReserveStatus>

[2024-03-02 12:13:09 #10 type.registry] 
New type java.util.Vector<java.lang.Object>

[2024-03-02 12:13:09 #11 type.registry] 
New type java.util.Vector<domain.Ride>

------------------------------------------------------------------------------------------------------------------------

[2024-03-02 12:15:17 #1 store] 
Database 'C:\Users\Usuario\git\Rides24\src\main\resources\rides.temp' is opened by 5016@MikelCarrasco

[2024-03-02 12:15:29 #2 type.registry] 
New type domain.User

[2024-03-02 12:15:29 #3 type] 
Type domain.User is not enhanced.

[2024-03-02 12:15:29 #4 type.registry] 
New type domain.Driver

[2024-03-02 12:15:29 #5 type] 
Type domain.Driver is not enhanced.

[2024-03-02 12:15:29 #6 type.registry] 
New type domain.Ride

[2024-03-02 12:15:29 #7 type] 
Type domain.Ride is not enhanced.

[2024-03-02 12:15:29 #8 type.registry] 
New type domain.ReserveStatus

[2024-03-02 12:15:29 #9 type.registry] 
New type java.util.ArrayList<domain.ReserveStatus>

[2024-03-02 12:15:29 #10 type.registry] 
New type java.util.Vector<java.lang.Object>

[2024-03-02 12:15:29 #11 type.registry] 
New type java.util.Vector<domain.Ride>

------------------------------------------------------------------------------------------------------------------------

[2024-03-02 12:32:31 #1 store] 
Database 'C:\Users\Usuario\git\Rides24\src\main\resources\rides.temp' is opened by 6844@MikelCarrasco

[2024-03-02 12:32:35 #2 type.registry] 
New type domain.User

[2024-03-02 12:32:35 #3 type] 
Type domain.User is not enhanced.

[2024-03-02 12:32:35 #4 type.registry] 
New type domain.Driver

[2024-03-02 12:32:35 #5 type] 
Type domain.Driver is not enhanced.

[2024-03-02 12:32:35 #6 type.registry] 
New type domain.Ride

[2024-03-02 12:32:35 #7 type] 
Type domain.Ride is not enhanced.

[2024-03-02 12:32:35 #8 type.registry] 
New type domain.ReserveStatus

[2024-03-02 12:32:35 #9 type.registry] 
New type java.util.ArrayList<domain.ReserveStatus>

[2024-03-02 12:32:35 #10 type.registry] 
New type java.util.Vector<java.lang.Object>

[2024-03-02 12:32:35 #11 type.registry] 
New type java.util.Vector<domain.Ride>

[2024-03-02 12:32:35 #12 type.registry] 
New type domain.Traveler

[2024-03-02 12:32:35 #13 type] 
Type domain.Traveler is not enhanced.

------------------------------------------------------------------------------------------------------------------------

[2024-03-02 12:35:04 #1 store] 
Database 'C:\Users\Usuario\git\Rides24\src\main\resources\rides.temp' is opened by 6848@MikelCarrasco

[2024-03-02 12:35:45 #2 type.registry] 
New type domain.User

[2024-03-02 12:35:45 #3 type] 
Type domain.User is not enhanced.

[2024-03-02 12:35:45 #4 type.registry] 
New type domain.Driver

[2024-03-02 12:35:45 #5 type] 
Type domain.Driver is not enhanced.

[2024-03-02 12:35:45 #6 type.registry] 
New type domain.Ride

[2024-03-02 12:35:45 #7 type] 
Type domain.Ride is not enhanced.

[2024-03-02 12:35:45 #8 type.registry] 
New type domain.ReserveStatus

[2024-03-02 12:35:45 #9 type.registry] 
New type java.util.ArrayList<domain.ReserveStatus>

[2024-03-02 12:35:45 #10 type.registry] 
New type java.util.Vector<java.lang.Object>

[2024-03-02 12:35:45 #11 type.registry] 
New type java.util.Vector<domain.Ride>

[2024-03-02 12:36:09 #12 type.registry] 
New type domain.Traveler

[2024-03-02 12:36:09 #13 type] 
Type domain.Traveler is not enhanced.

------------------------------------------------------------------------------------------------------------------------

[2024-03-02 12:37:25 #1 store] 
Database 'C:\Users\Usuario\git\Rides24\src\main\resources\rides.temp' is opened by 8008@MikelCarrasco

[2024-03-02 12:37:33 #2 type.registry] 
New type domain.User

[2024-03-02 12:37:33 #3 type] 
Type domain.User is not enhanced.

[2024-03-02 12:37:33 #4 type.registry] 
New type domain.Driver

[2024-03-02 12:37:33 #5 type] 
Type domain.Driver is not enhanced.

[2024-03-02 12:37:33 #6 type.registry] 
New type domain.Ride

[2024-03-02 12:37:33 #7 type] 
Type domain.Ride is not enhanced.

[2024-03-02 12:37:33 #8 type.registry] 
New type domain.ReserveStatus

[2024-03-02 12:37:33 #9 type.registry] 
New type java.util.ArrayList<domain.ReserveStatus>

[2024-03-02 12:37:33 #10 type.registry] 
New type java.util.Vector<java.lang.Object>

[2024-03-02 12:37:33 #11 type.registry] 
New type java.util.Vector<domain.Ride>

------------------------------------------------------------------------------------------------------------------------

[2024-03-02 12:58:24 #1 store] 
Database 'C:\Users\Usuario\git\Rides24\src\main\resources\rides.temp' is opened by 5808@MikelCarrasco

------------------------------------------------------------------------------------------------------------------------

[2024-03-02 13:21:38 #1 store] 
Database 'C:\Users\Usuario\git\Rides24\src\main\resources\rides.temp' is opened by 8316@MikelCarrasco

[2024-03-02 13:21:58 #2 type.registry] 
New type domain.User

[2024-03-02 13:21:58 #3 type] 
Type domain.User is not enhanced.

[2024-03-02 13:21:58 #4 type.registry] 
New type domain.Traveler

[2024-03-02 13:21:58 #5 type] 
Type domain.Traveler is not enhanced.

[2024-03-02 13:21:58 #6 type.registry] 
New type domain.Ride

[2024-03-02 13:21:58 #7 type] 
Type domain.Ride is not enhanced.

[2024-03-02 13:21:58 #8 type.registry] 
New type domain.Driver

[2024-03-02 13:21:58 #9 type.registry] 
New type domain.ReserveStatus

[2024-03-02 13:21:58 #10 type.registry] 
New type java.util.ArrayList<domain.ReserveStatus>

[2024-03-02 13:21:58 #11 type] 
Type domain.Driver is not enhanced.

[2024-03-02 13:21:58 #12 type.registry] 
New type java.util.Vector<java.lang.Object>

[2024-03-02 13:21:58 #13 type.registry] 
New type java.util.Vector<domain.Ride>

