------------------------------------------------------------------------------------------------------------------------

[2024-03-01 12:28:40 #1 store] 
Database 'C:\Users\Xabi\git\Rides24\src\main\resources\rides.temp' is opened by 6824@DESKTOP-PNFEN4V

[2024-03-01 12:28:46 #2 type.registry] 
New type domain.User

[2024-03-01 12:28:46 #3 type] 
Type domain.User is not enhanced.

[2024-03-01 12:28:46 #4 type.registry] 
New type domain.Driver

[2024-03-01 12:28:46 #5 type] 
Type domain.Driver is not enhanced.

[2024-03-01 12:28:46 #6 type.registry] 
New type domain.Ride

[2024-03-01 12:28:46 #7 type] 
Type domain.Ride is not enhanced.

[2024-03-01 12:28:46 #8 type.registry] 
New type java.util.Vector<java.lang.Object>

[2024-03-01 12:28:46 #9 type.registry] 
New type java.util.Vector<domain.Ride>

[2024-03-01 12:28:46 #10 type.registry] 
New type domain.Traveler

[2024-03-01 12:28:46 #11 type] 
Type domain.Traveler is not enhanced.

------------------------------------------------------------------------------------------------------------------------

[2024-03-01 12:33:12 #1 store] 
Database 'C:\Users\Xabi\git\Rides24\src\main\resources\rides.temp' is opened by 2456@DESKTOP-PNFEN4V

[2024-03-01 12:33:14 #2 type.registry] 
New type domain.User

[2024-03-01 12:33:14 #3 type] 
Type domain.User is not enhanced.

[2024-03-01 12:33:14 #4 type.registry] 
New type domain.Driver

[2024-03-01 12:33:14 #5 type] 
Type domain.Driver is not enhanced.

[2024-03-01 12:33:14 #6 type.registry] 
New type domain.Ride

[2024-03-01 12:33:14 #7 type] 
Type domain.Ride is not enhanced.

[2024-03-01 12:33:14 #8 type.registry] 
New type java.util.Vector<java.lang.Object>

[2024-03-01 12:33:14 #9 type.registry] 
New type java.util.Vector<domain.Ride>

[2024-03-01 12:33:14 #10 type.registry] 
New type domain.Traveler

[2024-03-01 12:33:14 #11 type] 
Type domain.Traveler is not enhanced.

------------------------------------------------------------------------------------------------------------------------

[2024-03-01 12:33:53 #1 store] 
Database 'C:\Users\Xabi\git\Rides24\src\main\resources\rides.temp' is opened by 6400@DESKTOP-PNFEN4V

[2024-03-01 12:34:02 #2 type.registry] 
New type domain.User

[2024-03-01 12:34:02 #3 type] 
Type domain.User is not enhanced.

[2024-03-01 12:34:02 #4 type.registry] 
New type domain.Driver

[2024-03-01 12:34:02 #5 type] 
Type domain.Driver is not enhanced.

[2024-03-01 12:34:02 #6 type.registry] 
New type domain.Ride

[2024-03-01 12:34:02 #7 type] 
Type domain.Ride is not enhanced.

[2024-03-01 12:34:02 #8 type.registry] 
New type java.util.Vector<java.lang.Object>

[2024-03-01 12:34:02 #9 type.registry] 
New type java.util.Vector<domain.Ride>

[2024-03-01 12:34:02 #10 type.registry] 
New type domain.Traveler

[2024-03-01 12:34:02 #11 type] 
Type domain.Traveler is not enhanced.

------------------------------------------------------------------------------------------------------------------------

[2024-03-01 12:36:18 #1 store] 
Database 'C:\Users\Xabi\git\Rides24\src\main\resources\rides.temp' is opened by 4716@DESKTOP-PNFEN4V

[2024-03-01 12:36:19 #2 type.registry] 
New type domain.User

[2024-03-01 12:36:19 #3 type] 
Type domain.User is not enhanced.

[2024-03-01 12:36:19 #4 type.registry] 
New type domain.Driver

[2024-03-01 12:36:19 #5 type] 
Type domain.Driver is not enhanced.

[2024-03-01 12:36:19 #6 type.registry] 
New type domain.Ride

[2024-03-01 12:36:19 #7 type] 
Type domain.Ride is not enhanced.

[2024-03-01 12:36:19 #8 type.registry] 
New type java.util.Vector<java.lang.Object>

[2024-03-01 12:36:19 #9 type.registry] 
New type java.util.Vector<domain.Ride>

[2024-03-01 12:36:19 #10 type.registry] 
New type domain.Traveler

[2024-03-01 12:36:19 #11 type] 
Type domain.Traveler is not enhanced.

------------------------------------------------------------------------------------------------------------------------

[2024-03-01 12:37:51 #1 store] 
Database 'C:\Users\Xabi\git\Rides24\src\main\resources\rides.temp' is opened by 8732@DESKTOP-PNFEN4V

[2024-03-01 12:37:52 #2 type.registry] 
New type domain.User

[2024-03-01 12:37:52 #3 type] 
Type domain.User is not enhanced.

[2024-03-01 12:37:52 #4 type.registry] 
New type domain.Driver

[2024-03-01 12:37:52 #5 type] 
Type domain.Driver is not enhanced.

[2024-03-01 12:37:52 #6 type.registry] 
New type domain.Ride

[2024-03-01 12:37:52 #7 type] 
Type domain.Ride is not enhanced.

[2024-03-01 12:37:52 #8 type.registry] 
New type java.util.Vector<java.lang.Object>

[2024-03-01 12:37:52 #9 type.registry] 
New type java.util.Vector<domain.Ride>

[2024-03-01 12:37:52 #10 type.registry] 
New type domain.Traveler

[2024-03-01 12:37:52 #11 type] 
Type domain.Traveler is not enhanced.

------------------------------------------------------------------------------------------------------------------------

[2024-03-01 12:44:00 #1 store] 
Database 'C:\Users\Xabi\git\Rides24\src\main\resources\rides.temp' is opened by 15476@DESKTOP-PNFEN4V

[2024-03-01 12:44:02 #2 type.registry] 
New type domain.User

[2024-03-01 12:44:02 #3 type] 
Type domain.User is not enhanced.

[2024-03-01 12:44:02 #4 type.registry] 
New type domain.Driver

[2024-03-01 12:44:02 #5 type] 
Type domain.Driver is not enhanced.

[2024-03-01 12:44:02 #6 type.registry] 
New type domain.Ride

[2024-03-01 12:44:02 #7 type] 
Type domain.Ride is not enhanced.

[2024-03-01 12:44:02 #8 type.registry] 
New type java.util.Vector<java.lang.Object>

[2024-03-01 12:44:02 #9 type.registry] 
New type java.util.Vector<domain.Ride>

[2024-03-01 12:44:02 #10 type.registry] 
New type domain.Traveler

[2024-03-01 12:44:02 #11 type] 
Type domain.Traveler is not enhanced.

------------------------------------------------------------------------------------------------------------------------

[2024-03-01 12:53:07 #1 store] 
Database 'C:\Users\Xabi\git\Rides24\src\main\resources\rides.temp' is opened by 17776@DESKTOP-PNFEN4V

[2024-03-01 12:53:08 #2 type.registry] 
New type domain.User

[2024-03-01 12:53:08 #3 type] 
Type domain.User is not enhanced.

[2024-03-01 12:53:08 #4 type.registry] 
New type domain.Driver

[2024-03-01 12:53:08 #5 type] 
Type domain.Driver is not enhanced.

[2024-03-01 12:53:08 #6 type.registry] 
New type domain.Ride

[2024-03-01 12:53:08 #7 type] 
Type domain.Ride is not enhanced.

[2024-03-01 12:53:08 #8 type.registry] 
New type java.util.Vector<java.lang.Object>

[2024-03-01 12:53:08 #9 type.registry] 
New type java.util.Vector<domain.Ride>

[2024-03-01 12:53:08 #10 type.registry] 
New type domain.Traveler

[2024-03-01 12:53:08 #11 type] 
Type domain.Traveler is not enhanced.

------------------------------------------------------------------------------------------------------------------------

[2024-03-01 13:03:02 #1 store] 
Database 'C:\Users\Xabi\git\Rides24\src\main\resources\rides.temp' is opened by 12372@DESKTOP-PNFEN4V

[2024-03-01 13:03:05 #2 type.registry] 
New type domain.User

[2024-03-01 13:03:05 #3 type] 
Type domain.User is not enhanced.

[2024-03-01 13:03:05 #4 type.registry] 
New type domain.Driver

[2024-03-01 13:03:05 #5 type] 
Type domain.Driver is not enhanced.

[2024-03-01 13:03:05 #6 type.registry] 
New type domain.Ride

[2024-03-01 13:03:05 #7 type] 
Type domain.Ride is not enhanced.

[2024-03-01 13:03:05 #8 type.registry] 
New type java.util.Vector<java.lang.Object>

[2024-03-01 13:03:05 #9 type.registry] 
New type java.util.Vector<domain.Ride>

[2024-03-01 13:03:05 #10 type.registry] 
New type domain.Traveler

[2024-03-01 13:03:05 #11 type] 
Type domain.Traveler is not enhanced.

------------------------------------------------------------------------------------------------------------------------

[2024-03-01 13:30:59 #1 store] 
Database 'C:\Users\Xabi\git\Rides24\src\main\resources\rides.temp' is opened by 12036@DESKTOP-PNFEN4V

[2024-03-01 13:31:00 #2 type.registry] 
New type domain.User

[2024-03-01 13:31:00 #3 type] 
Type domain.User is not enhanced.

[2024-03-01 13:31:01 #4 type.registry] 
New type domain.Driver

[2024-03-01 13:31:01 #5 type] 
Type domain.Driver is not enhanced.

[2024-03-01 13:31:01 #6 type.registry] 
New type domain.Ride

[2024-03-01 13:31:01 #7 type] 
Type domain.Ride is not enhanced.

[2024-03-01 13:31:01 #8 type.registry] 
New type java.util.Vector<java.lang.Object>

[2024-03-01 13:31:01 #9 type.registry] 
New type java.util.Vector<domain.Ride>

[2024-03-01 13:31:01 #10 type.registry] 
New type domain.Traveler

[2024-03-01 13:31:01 #11 type] 
Type domain.Traveler is not enhanced.

------------------------------------------------------------------------------------------------------------------------

[2024-03-01 13:32:23 #1 store] 
Database 'C:\Users\Xabi\git\Rides24\src\main\resources\rides.temp' is opened by 3660@DESKTOP-PNFEN4V

[2024-03-01 13:32:25 #2 type.registry] 
New type domain.User

[2024-03-01 13:32:25 #3 type] 
Type domain.User is not enhanced.

[2024-03-01 13:32:25 #4 type.registry] 
New type domain.Driver

[2024-03-01 13:32:25 #5 type] 
Type domain.Driver is not enhanced.

[2024-03-01 13:32:25 #6 type.registry] 
New type domain.Ride

[2024-03-01 13:32:25 #7 type] 
Type domain.Ride is not enhanced.

[2024-03-01 13:32:25 #8 type.registry] 
New type java.util.Vector<java.lang.Object>

[2024-03-01 13:32:25 #9 type.registry] 
New type java.util.Vector<domain.Ride>

[2024-03-01 13:32:25 #10 type.registry] 
New type domain.Traveler

[2024-03-01 13:32:25 #11 type] 
Type domain.Traveler is not enhanced.

------------------------------------------------------------------------------------------------------------------------

[2024-03-01 13:33:33 #1 store] 
Database 'C:\Users\Xabi\git\Rides24\src\main\resources\rides.temp' is opened by 5100@DESKTOP-PNFEN4V

[2024-03-01 13:33:37 #2 type.registry] 
New type domain.User

[2024-03-01 13:33:37 #3 type] 
Type domain.User is not enhanced.

[2024-03-01 13:33:37 #4 type.registry] 
New type domain.Driver

[2024-03-01 13:33:37 #5 type] 
Type domain.Driver is not enhanced.

[2024-03-01 13:33:37 #6 type.registry] 
New type domain.Ride

[2024-03-01 13:33:37 #7 type] 
Type domain.Ride is not enhanced.

[2024-03-01 13:33:37 #8 type.registry] 
New type java.util.Vector<java.lang.Object>

[2024-03-01 13:33:37 #9 type.registry] 
New type java.util.Vector<domain.Ride>

[2024-03-01 13:33:37 #10 type.registry] 
New type domain.Traveler

[2024-03-01 13:33:37 #11 type] 
Type domain.Traveler is not enhanced.

