------------------------------------------------------------------------------------------------------------------------

[2024-05-08 11:41:06 #1 store] 
Database 'C:\Users\Xabi\git\Rides24\src\main\resources\rides.temp' is opened by 7484@DESKTOP-PNFEN4V

[2024-05-08 11:41:07 #2 type] 
Type domain.User is not enhanced.

[2024-05-08 11:41:07 #3 type] 
Type domain.Movement is not enhanced.

[2024-05-08 11:41:07 #4 type] 
Type domain.Driver is not enhanced.

[2024-05-08 11:41:07 #5 type.registry] 
New type java.util.ArrayList<java.lang.Double>

[2024-05-08 11:41:07 #6 type] 
Type domain.Car is not enhanced.

[2024-05-08 11:41:07 #7 type] 
Type domain.Ride is not enhanced.

[2024-05-08 11:41:07 #8 type.registry] 
New type domain.Erreklamazio

[2024-05-08 11:41:07 #9 type.registry] 
New type java.util.ArrayList<domain.Erreklamazio>

[2024-05-08 11:41:07 #10 type] 
Type domain.ReserveStatus is not enhanced.

[2024-05-08 11:41:07 #11 type] 
Type domain.Traveler is not enhanced.

[2024-05-08 11:41:07 #12 type] 
Type domain.Erreklamazio is not enhanced.

------------------------------------------------------------------------------------------------------------------------

[2024-05-08 11:42:27 #1 store] 
Database 'C:\Users\Xabi\git\Rides24\src\main\resources\rides.temp' is opened by 13520@DESKTOP-PNFEN4V

[2024-05-08 11:42:33 #2 type.registry] 
New type domain.User

[2024-05-08 11:42:33 #3 type] 
Type domain.User is not enhanced.

[2024-05-08 11:42:33 #4 type.registry] 
New type domain.Movement

[2024-05-08 11:42:33 #5 type.registry] 
New type java.util.ArrayList<domain.Movement>

[2024-05-08 11:42:33 #6 type] 
Type domain.Movement is not enhanced.

------------------------------------------------------------------------------------------------------------------------

[2024-05-08 11:43:02 #1 store] 
Database 'C:\Users\Xabi\git\Rides24\src\main\resources\rides.temp' has been recovered (tr. 1-3)

[2024-05-08 11:43:02 #2 store] 
Database 'C:\Users\Xabi\git\Rides24\src\main\resources\rides.temp' is opened by 8844@DESKTOP-PNFEN4V

[2024-05-08 11:43:02 #3 type] 
Type domain.User is not enhanced.

[2024-05-08 11:43:02 #4 type] 
Type domain.Movement is not enhanced.

------------------------------------------------------------------------------------------------------------------------

[2024-05-08 11:44:38 #1 store] 
Database 'C:\Users\Xabi\git\Rides24\src\main\resources\rides.temp' is opened by 15956@DESKTOP-PNFEN4V

[2024-05-08 11:44:38 #2 type] 
Type domain.User is not enhanced.

[2024-05-08 11:44:38 #3 type] 
Type domain.Movement is not enhanced.

[2024-05-08 11:44:54 #4 type.registry] 
New type domain.Driver

[2024-05-08 11:44:54 #5 type] 
Type domain.Driver is not enhanced.

[2024-05-08 11:44:54 #6 type.registry] 
New type java.util.ArrayList<java.lang.Double>

[2024-05-08 11:44:54 #7 type.registry] 
New type domain.Car

[2024-05-08 11:44:54 #8 type.registry] 
New type java.util.ArrayList<domain.Car>

[2024-05-08 11:44:54 #9 type] 
Type domain.Car is not enhanced.

[2024-05-08 11:44:54 #10 type.registry] 
New type domain.Ride

[2024-05-08 11:44:54 #11 type.registry] 
New type java.util.ArrayList<domain.Ride>

[2024-05-08 11:44:54 #12 type] 
Type domain.Ride is not enhanced.

[2024-05-08 11:44:54 #13 type.registry] 
New type domain.Erreklamazio

[2024-05-08 11:44:54 #14 type.registry] 
New type java.util.ArrayList<domain.Erreklamazio>

[2024-05-08 11:44:54 #15 type.registry] 
New type domain.ReserveStatus

[2024-05-08 11:44:54 #16 type.registry] 
New type domain.ReserveStatus[]

[2024-05-08 11:44:54 #17 type] 
Type domain.Erreklamazio is not enhanced.

[2024-05-08 11:44:54 #18 type.registry] 
New type domain.Traveler

[2024-05-08 11:44:54 #19 type] 
Type domain.ReserveStatus is not enhanced.

[2024-05-08 11:44:54 #20 type] 
Type domain.Traveler is not enhanced.

[2024-05-08 11:44:54 #21 type.registry] 
New type java.util.ArrayList<java.lang.Object>

[2024-05-08 11:45:44 #22 type.registry] 
New type java.util.Vector<java.lang.Object>

[2024-05-08 11:45:44 #23 type.registry] 
New type java.util.Vector<domain.ReserveStatus>

------------------------------------------------------------------------------------------------------------------------

[2024-05-08 11:49:02 #1 store] 
Database 'C:\Users\Xabi\git\Rides24\src\main\resources\rides.temp' has been recovered (tr. 4-14)

[2024-05-08 11:49:02 #2 store] 
Database 'C:\Users\Xabi\git\Rides24\src\main\resources\rides.temp' is opened by 4728@DESKTOP-PNFEN4V

[2024-05-08 11:49:02 #3 type] 
Type domain.User is not enhanced.

[2024-05-08 11:49:02 #4 type] 
Type domain.Movement is not enhanced.

[2024-05-08 11:49:02 #5 type] 
Type domain.Driver is not enhanced.

[2024-05-08 11:49:02 #6 type] 
Type domain.Car is not enhanced.

[2024-05-08 11:49:02 #7 type] 
Type domain.Ride is not enhanced.

[2024-05-08 11:49:02 #8 type] 
Type domain.Erreklamazio is not enhanced.

[2024-05-08 11:49:02 #9 type] 
Type domain.ReserveStatus is not enhanced.

[2024-05-08 11:49:02 #10 type] 
Type domain.Traveler is not enhanced.

------------------------------------------------------------------------------------------------------------------------

[2024-05-08 11:50:58 #1 store] 
Database 'C:\Users\Xabi\git\Rides24\src\main\resources\rides.temp' is opened by 15956@DESKTOP-PNFEN4V

[2024-05-08 11:50:59 #2 type] 
Type domain.User is not enhanced.

[2024-05-08 11:50:59 #3 type] 
Type domain.Movement is not enhanced.

[2024-05-08 11:50:59 #4 type] 
Type domain.Driver is not enhanced.

[2024-05-08 11:50:59 #5 type] 
Type domain.Car is not enhanced.

[2024-05-08 11:50:59 #6 type] 
Type domain.Ride is not enhanced.

[2024-05-08 11:50:59 #7 type] 
Type domain.Erreklamazio is not enhanced.

[2024-05-08 11:50:59 #8 type] 
Type domain.ReserveStatus is not enhanced.

[2024-05-08 11:50:59 #9 type] 
Type domain.Traveler is not enhanced.

------------------------------------------------------------------------------------------------------------------------

[2024-05-08 11:51:58 #1 store] 
Database 'C:\Users\Xabi\git\Rides24\src\main\resources\rides.temp' is opened by 7296@DESKTOP-PNFEN4V

[2024-05-08 11:51:58 #2 type] 
Type domain.User is not enhanced.

[2024-05-08 11:51:58 #3 type] 
Type domain.Movement is not enhanced.

[2024-05-08 11:51:58 #4 type] 
Type domain.Driver is not enhanced.

[2024-05-08 11:51:58 #5 type] 
Type domain.Car is not enhanced.

[2024-05-08 11:51:58 #6 type] 
Type domain.Ride is not enhanced.

[2024-05-08 11:51:58 #7 type] 
Type domain.Erreklamazio is not enhanced.

[2024-05-08 11:51:58 #8 type] 
Type domain.ReserveStatus is not enhanced.

[2024-05-08 11:51:58 #9 type] 
Type domain.Traveler is not enhanced.

------------------------------------------------------------------------------------------------------------------------

[2024-05-08 11:54:33 #1 store] 
Database 'C:\Users\Xabi\git\Rides24\src\main\resources\rides.temp' has been recovered (tr. 15-18)

[2024-05-08 11:54:33 #2 store] 
Database 'C:\Users\Xabi\git\Rides24\src\main\resources\rides.temp' is opened by 9144@DESKTOP-PNFEN4V

[2024-05-08 11:54:34 #3 type] 
Type domain.User is not enhanced.

[2024-05-08 11:54:34 #4 type] 
Type domain.Movement is not enhanced.

[2024-05-08 11:54:34 #5 type] 
Type domain.Driver is not enhanced.

[2024-05-08 11:54:34 #6 type] 
Type domain.Car is not enhanced.

[2024-05-08 11:54:34 #7 type] 
Type domain.Ride is not enhanced.

[2024-05-08 11:54:34 #8 type] 
Type domain.Erreklamazio is not enhanced.

[2024-05-08 11:54:34 #9 type] 
Type domain.ReserveStatus is not enhanced.

[2024-05-08 11:54:34 #10 type] 
Type domain.Traveler is not enhanced.

