------------------------------------------------------------------------------------------------------------------------

[2024-04-05 11:14:44 #1 store] 
Database 'C:\Users\harit\git\Rides2\src\main\resources\rides.temp' has been recovered (tr. 42-45)

[2024-04-05 11:14:44 #2 store] 
Database 'C:\Users\harit\git\Rides2\src\main\resources\rides.temp' is opened by 7648@DESKTOP-VBQNJCT

[2024-04-05 11:14:44 #3 type] 
Type domain.User is not enhanced.

[2024-04-05 11:14:44 #4 type] 
Type domain.Driver is not enhanced.

[2024-04-05 11:14:44 #5 type] 
Type domain.Car is not enhanced.

[2024-04-05 11:14:44 #6 type] 
Type domain.Ride is not enhanced.

[2024-04-05 11:14:44 #7 type] 
Type domain.ReserveStatus is not enhanced.

[2024-04-05 11:14:44 #8 type] 
Type domain.Traveler is not enhanced.

------------------------------------------------------------------------------------------------------------------------

[2024-04-05 11:16:40 #1 store] 
Database 'C:\Users\harit\git\Rides2\src\main\resources\rides.temp' is opened by 10732@DESKTOP-VBQNJCT

[2024-04-05 11:16:40 #2 type] 
Type domain.User is not enhanced.

[2024-04-05 11:16:40 #3 type] 
Type domain.Driver is not enhanced.

[2024-04-05 11:16:40 #4 type] 
Type domain.Car is not enhanced.

[2024-04-05 11:16:40 #5 type] 
Type domain.Ride is not enhanced.

[2024-04-05 11:16:40 #6 type] 
Type domain.ReserveStatus is not enhanced.

[2024-04-05 11:16:40 #7 type] 
Type domain.Traveler is not enhanced.

------------------------------------------------------------------------------------------------------------------------

[2024-04-05 11:17:27 #1 store] 
Database 'C:\Users\harit\git\Rides2\src\main\resources\rides.temp' has been recovered (tr. 46-47)

[2024-04-05 11:17:27 #2 store] 
Database 'C:\Users\harit\git\Rides2\src\main\resources\rides.temp' is opened by 20592@DESKTOP-VBQNJCT

[2024-04-05 11:17:27 #3 type] 
Type domain.User is not enhanced.

[2024-04-05 11:17:27 #4 type] 
Type domain.Driver is not enhanced.

[2024-04-05 11:17:27 #5 type] 
Type domain.Car is not enhanced.

[2024-04-05 11:17:27 #6 type] 
Type domain.Ride is not enhanced.

[2024-04-05 11:17:27 #7 type] 
Type domain.ReserveStatus is not enhanced.

[2024-04-05 11:17:27 #8 type] 
Type domain.Traveler is not enhanced.

------------------------------------------------------------------------------------------------------------------------

[2024-04-05 11:21:49 #1 store] 
Database 'C:\Users\harit\git\Rides2\src\main\resources\rides.temp' is opened by 12872@DESKTOP-VBQNJCT

[2024-04-05 11:21:49 #2 type] 
Type domain.User is not enhanced.

[2024-04-05 11:21:49 #3 type] 
Type domain.Driver is not enhanced.

[2024-04-05 11:21:49 #4 type] 
Type domain.Car is not enhanced.

[2024-04-05 11:21:49 #5 type] 
Type domain.Ride is not enhanced.

[2024-04-05 11:21:49 #6 type] 
Type domain.ReserveStatus is not enhanced.

[2024-04-05 11:21:49 #7 type] 
Type domain.Traveler is not enhanced.

------------------------------------------------------------------------------------------------------------------------

[2024-04-05 11:22:49 #1 store] 
Database 'C:\Users\harit\git\Rides2\src\main\resources\rides.temp' has been recovered (tr. 48-48)

[2024-04-05 11:22:49 #2 store] 
Database 'C:\Users\harit\git\Rides2\src\main\resources\rides.temp' is opened by 18352@DESKTOP-VBQNJCT

[2024-04-05 11:22:49 #3 type] 
Type domain.User is not enhanced.

[2024-04-05 11:22:49 #4 type] 
Type domain.Driver is not enhanced.

[2024-04-05 11:22:49 #5 type] 
Type domain.Car is not enhanced.

[2024-04-05 11:22:49 #6 type] 
Type domain.Ride is not enhanced.

[2024-04-05 11:22:49 #7 type] 
Type domain.ReserveStatus is not enhanced.

[2024-04-05 11:22:49 #8 type] 
Type domain.Traveler is not enhanced.

------------------------------------------------------------------------------------------------------------------------

[2024-04-05 11:23:30 #1 store] 
Database 'C:\Users\harit\git\Rides2\src\main\resources\rides.temp' has been recovered (tr. 49-49)

[2024-04-05 11:23:30 #2 store] 
Database 'C:\Users\harit\git\Rides2\src\main\resources\rides.temp' is opened by 21972@DESKTOP-VBQNJCT

[2024-04-05 11:23:30 #3 type] 
Type domain.User is not enhanced.

[2024-04-05 11:23:30 #4 type] 
Type domain.Driver is not enhanced.

[2024-04-05 11:23:30 #5 type] 
Type domain.Car is not enhanced.

[2024-04-05 11:23:30 #6 type] 
Type domain.Ride is not enhanced.

[2024-04-05 11:23:30 #7 type] 
Type domain.ReserveStatus is not enhanced.

[2024-04-05 11:23:30 #8 type] 
Type domain.Traveler is not enhanced.

------------------------------------------------------------------------------------------------------------------------

[2024-04-05 11:24:26 #1 store] 
Database 'C:\Users\harit\git\Rides2\src\main\resources\rides.temp' is opened by 4184@DESKTOP-VBQNJCT

[2024-04-05 11:24:26 #2 type] 
Type domain.User is not enhanced.

[2024-04-05 11:24:26 #3 type] 
Type domain.Driver is not enhanced.

[2024-04-05 11:24:26 #4 type] 
Type domain.Car is not enhanced.

[2024-04-05 11:24:26 #5 type] 
Type domain.Ride is not enhanced.

[2024-04-05 11:24:26 #6 type] 
Type domain.ReserveStatus is not enhanced.

[2024-04-05 11:24:26 #7 type] 
Type domain.Traveler is not enhanced.

------------------------------------------------------------------------------------------------------------------------

[2024-04-05 11:25:36 #1 store] 
Database 'C:\Users\harit\git\Rides2\src\main\resources\rides.temp' has been recovered (tr. 50-55)

[2024-04-05 11:25:36 #2 store] 
Database 'C:\Users\harit\git\Rides2\src\main\resources\rides.temp' is opened by 21396@DESKTOP-VBQNJCT

[2024-04-05 11:25:36 #3 type] 
Type domain.User is not enhanced.

[2024-04-05 11:25:36 #4 type] 
Type domain.Driver is not enhanced.

[2024-04-05 11:25:36 #5 type] 
Type domain.Car is not enhanced.

[2024-04-05 11:25:36 #6 type] 
Type domain.Ride is not enhanced.

[2024-04-05 11:25:36 #7 type] 
Type domain.ReserveStatus is not enhanced.

[2024-04-05 11:25:36 #8 type] 
Type domain.Traveler is not enhanced.

------------------------------------------------------------------------------------------------------------------------

[2024-04-05 11:37:09 #1 store] 
Database 'C:\Users\harit\git\Rides2\src\main\resources\rides.temp' is opened by 20244@DESKTOP-VBQNJCT

[2024-04-05 11:37:09 #2 type] 
Type domain.User is not enhanced.

[2024-04-05 11:37:09 #3 type] 
Type domain.Driver is not enhanced.

[2024-04-05 11:37:09 #4 type] 
Type domain.Car is not enhanced.

[2024-04-05 11:37:09 #5 type] 
Type domain.Ride is not enhanced.

[2024-04-05 11:37:09 #6 type] 
Type domain.ReserveStatus is not enhanced.

[2024-04-05 11:37:09 #7 type] 
Type domain.Traveler is not enhanced.

------------------------------------------------------------------------------------------------------------------------

[2024-04-05 11:39:18 #1 store] 
Database 'C:\Users\harit\git\Rides2\src\main\resources\rides.temp' has been recovered (tr. 57-57)

[2024-04-05 11:39:18 #2 store] 
Database 'C:\Users\harit\git\Rides2\src\main\resources\rides.temp' is opened by 2352@DESKTOP-VBQNJCT

[2024-04-05 11:39:18 #3 type] 
Type domain.User is not enhanced.

[2024-04-05 11:39:18 #4 type] 
Type domain.Driver is not enhanced.

[2024-04-05 11:39:18 #5 type] 
Type domain.Car is not enhanced.

[2024-04-05 11:39:18 #6 type] 
Type domain.Ride is not enhanced.

[2024-04-05 11:39:18 #7 type] 
Type domain.ReserveStatus is not enhanced.

[2024-04-05 11:39:18 #8 type] 
Type domain.Traveler is not enhanced.

------------------------------------------------------------------------------------------------------------------------

[2024-04-05 11:39:31 #1 store] 
Database 'C:\Users\harit\git\Rides2\src\main\resources\rides.temp' is opened by 18000@DESKTOP-VBQNJCT

[2024-04-05 11:39:31 #2 type] 
Type domain.User is not enhanced.

[2024-04-05 11:39:31 #3 type] 
Type domain.Driver is not enhanced.

[2024-04-05 11:39:31 #4 type] 
Type domain.Car is not enhanced.

[2024-04-05 11:39:31 #5 type] 
Type domain.Ride is not enhanced.

[2024-04-05 11:39:31 #6 type] 
Type domain.ReserveStatus is not enhanced.

[2024-04-05 11:39:31 #7 type] 
Type domain.Traveler is not enhanced.

------------------------------------------------------------------------------------------------------------------------

[2024-04-05 11:39:40 #1 store] 
Database 'C:\Users\harit\git\Rides2\src\main\resources\rides.temp' is opened by 5508@DESKTOP-VBQNJCT

[2024-04-05 11:39:40 #2 type] 
Type domain.User is not enhanced.

[2024-04-05 11:39:40 #3 type] 
Type domain.Driver is not enhanced.

[2024-04-05 11:39:40 #4 type] 
Type domain.Car is not enhanced.

[2024-04-05 11:39:40 #5 type] 
Type domain.Ride is not enhanced.

[2024-04-05 11:39:40 #6 type] 
Type domain.ReserveStatus is not enhanced.

[2024-04-05 11:39:40 #7 type] 
Type domain.Traveler is not enhanced.

------------------------------------------------------------------------------------------------------------------------

[2024-04-05 11:42:33 #1 store] 
Database 'C:\Users\harit\git\Rides2\src\main\resources\rides.temp' has been recovered (tr. 60-60)

[2024-04-05 11:42:33 #2 store] 
Database 'C:\Users\harit\git\Rides2\src\main\resources\rides.temp' is opened by 12988@DESKTOP-VBQNJCT

[2024-04-05 11:42:34 #3 type] 
Type domain.User is not enhanced.

[2024-04-05 11:42:34 #4 type] 
Type domain.Driver is not enhanced.

[2024-04-05 11:42:34 #5 type] 
Type domain.Car is not enhanced.

[2024-04-05 11:42:34 #6 type] 
Type domain.Ride is not enhanced.

[2024-04-05 11:42:34 #7 type] 
Type domain.ReserveStatus is not enhanced.

[2024-04-05 11:42:34 #8 type] 
Type domain.Traveler is not enhanced.

------------------------------------------------------------------------------------------------------------------------

[2024-04-05 11:44:18 #1 store] 
Database 'C:\Users\harit\git\Rides2\src\main\resources\rides.temp' has been recovered (tr. 61-63)

[2024-04-05 11:44:18 #2 store] 
Database 'C:\Users\harit\git\Rides2\src\main\resources\rides.temp' is opened by 22512@DESKTOP-VBQNJCT

[2024-04-05 11:44:18 #3 type] 
Type domain.User is not enhanced.

[2024-04-05 11:44:18 #4 type] 
Type domain.Driver is not enhanced.

[2024-04-05 11:44:18 #5 type] 
Type domain.Car is not enhanced.

[2024-04-05 11:44:18 #6 type] 
Type domain.Ride is not enhanced.

[2024-04-05 11:44:18 #7 type] 
Type domain.ReserveStatus is not enhanced.

[2024-04-05 11:44:18 #8 type] 
Type domain.Traveler is not enhanced.

------------------------------------------------------------------------------------------------------------------------

[2024-04-05 12:30:22 #1 store] 
Database 'C:\Users\harit\git\Rides2\src\main\resources\rides.temp' is opened by 9188@DESKTOP-VBQNJCT

[2024-04-05 12:30:22 #2 type] 
Type domain.User is not enhanced.

[2024-04-05 12:30:22 #3 type] 
Type domain.Driver is not enhanced.

[2024-04-05 12:30:22 #4 type] 
Type domain.Car is not enhanced.

[2024-04-05 12:30:22 #5 type] 
Type domain.Ride is not enhanced.

[2024-04-05 12:30:22 #6 type] 
Type domain.ReserveStatus is not enhanced.

[2024-04-05 12:30:22 #7 type] 
Type domain.Traveler is not enhanced.

------------------------------------------------------------------------------------------------------------------------

[2024-04-05 12:33:41 #1 store] 
Database 'C:\Users\harit\git\Rides2\src\main\resources\rides.temp' is opened by 14504@DESKTOP-VBQNJCT

[2024-04-05 12:33:41 #2 type] 
Type domain.User is not enhanced.

[2024-04-05 12:33:41 #3 type] 
Type domain.Driver is not enhanced.

[2024-04-05 12:33:41 #4 type] 
Type domain.Car is not enhanced.

[2024-04-05 12:33:41 #5 type] 
Type domain.Ride is not enhanced.

[2024-04-05 12:33:41 #6 type] 
Type domain.ReserveStatus is not enhanced.

[2024-04-05 12:33:41 #7 type] 
Type domain.Traveler is not enhanced.

------------------------------------------------------------------------------------------------------------------------

[2024-04-05 12:34:10 #1 store] 
Database 'C:\Users\harit\git\Rides2\src\main\resources\rides.temp' is opened by 8832@DESKTOP-VBQNJCT

[2024-04-05 12:34:10 #2 type] 
Type domain.User is not enhanced.

[2024-04-05 12:34:10 #3 type] 
Type domain.Driver is not enhanced.

[2024-04-05 12:34:10 #4 type] 
Type domain.Car is not enhanced.

[2024-04-05 12:34:10 #5 type] 
Type domain.Ride is not enhanced.

[2024-04-05 12:34:10 #6 type] 
Type domain.ReserveStatus is not enhanced.

[2024-04-05 12:34:10 #7 type] 
Type domain.Traveler is not enhanced.

------------------------------------------------------------------------------------------------------------------------

[2024-04-05 12:34:53 #1 store] 
Database 'C:\Users\harit\git\Rides2\src\main\resources\rides.temp' is opened by 15452@DESKTOP-VBQNJCT

[2024-04-05 12:34:54 #2 type] 
Type domain.User is not enhanced.

[2024-04-05 12:34:54 #3 type] 
Type domain.Driver is not enhanced.

[2024-04-05 12:34:54 #4 type] 
Type domain.Car is not enhanced.

[2024-04-05 12:34:54 #5 type] 
Type domain.Ride is not enhanced.

[2024-04-05 12:34:54 #6 type] 
Type domain.ReserveStatus is not enhanced.

[2024-04-05 12:34:54 #7 type] 
Type domain.Traveler is not enhanced.

------------------------------------------------------------------------------------------------------------------------

[2024-04-05 12:36:35 #1 store] 
Database 'C:\Users\harit\git\Rides2\src\main\resources\rides.temp' is opened by 22816@DESKTOP-VBQNJCT

[2024-04-05 12:36:35 #2 type] 
Type domain.User is not enhanced.

[2024-04-05 12:36:35 #3 type] 
Type domain.Driver is not enhanced.

[2024-04-05 12:36:35 #4 type] 
Type domain.Car is not enhanced.

[2024-04-05 12:36:35 #5 type] 
Type domain.Ride is not enhanced.

[2024-04-05 12:36:35 #6 type] 
Type domain.ReserveStatus is not enhanced.

[2024-04-05 12:36:35 #7 type] 
Type domain.Traveler is not enhanced.

------------------------------------------------------------------------------------------------------------------------

[2024-04-05 12:37:42 #1 store] 
Database 'C:\Users\harit\git\Rides2\src\main\resources\rides.temp' is opened by 14448@DESKTOP-VBQNJCT

[2024-04-05 12:37:43 #2 type] 
Type domain.User is not enhanced.

[2024-04-05 12:37:43 #3 type] 
Type domain.Driver is not enhanced.

[2024-04-05 12:37:43 #4 type] 
Type domain.Car is not enhanced.

[2024-04-05 12:37:43 #5 type] 
Type domain.Ride is not enhanced.

[2024-04-05 12:37:43 #6 type] 
Type domain.ReserveStatus is not enhanced.

[2024-04-05 12:37:43 #7 type] 
Type domain.Traveler is not enhanced.

------------------------------------------------------------------------------------------------------------------------

[2024-04-05 12:38:10 #1 store] 
Database 'C:\Users\harit\git\Rides2\src\main\resources\rides.temp' is opened by 19100@DESKTOP-VBQNJCT

[2024-04-05 12:38:10 #2 type] 
Type domain.User is not enhanced.

[2024-04-05 12:38:10 #3 type] 
Type domain.Driver is not enhanced.

[2024-04-05 12:38:10 #4 type] 
Type domain.Car is not enhanced.

[2024-04-05 12:38:10 #5 type] 
Type domain.Ride is not enhanced.

[2024-04-05 12:38:10 #6 type] 
Type domain.ReserveStatus is not enhanced.

[2024-04-05 12:38:10 #7 type] 
Type domain.Traveler is not enhanced.

------------------------------------------------------------------------------------------------------------------------

[2024-04-05 12:38:52 #1 store] 
Database 'C:\Users\harit\git\Rides2\src\main\resources\rides.temp' is opened by 21416@DESKTOP-VBQNJCT

[2024-04-05 12:38:52 #2 type] 
Type domain.User is not enhanced.

[2024-04-05 12:38:52 #3 type] 
Type domain.Driver is not enhanced.

[2024-04-05 12:38:52 #4 type] 
Type domain.Car is not enhanced.

[2024-04-05 12:38:52 #5 type] 
Type domain.Ride is not enhanced.

[2024-04-05 12:38:52 #6 type] 
Type domain.ReserveStatus is not enhanced.

[2024-04-05 12:38:52 #7 type] 
Type domain.Traveler is not enhanced.

------------------------------------------------------------------------------------------------------------------------

[2024-04-05 12:42:21 #1 store] 
Database 'C:\Users\harit\git\Rides2\src\main\resources\rides.temp' has been recovered (tr. 64-64)

[2024-04-05 12:42:21 #2 store] 
Database 'C:\Users\harit\git\Rides2\src\main\resources\rides.temp' is opened by 9064@DESKTOP-VBQNJCT

[2024-04-05 12:42:21 #3 type] 
Type domain.User is not enhanced.

[2024-04-05 12:42:21 #4 type] 
Type domain.Driver is not enhanced.

[2024-04-05 12:42:21 #5 type] 
Type domain.Car is not enhanced.

[2024-04-05 12:42:21 #6 type] 
Type domain.Ride is not enhanced.

[2024-04-05 12:42:21 #7 type] 
Type domain.ReserveStatus is not enhanced.

[2024-04-05 12:42:21 #8 type] 
Type domain.Traveler is not enhanced.

------------------------------------------------------------------------------------------------------------------------

[2024-04-05 12:43:11 #1 store] 
Database 'C:\Users\harit\git\Rides2\src\main\resources\rides.temp' has been recovered (tr. 65-69)

[2024-04-05 12:43:11 #2 store] 
Database 'C:\Users\harit\git\Rides2\src\main\resources\rides.temp' is opened by 17076@DESKTOP-VBQNJCT

[2024-04-05 12:43:11 #3 type] 
Type domain.User is not enhanced.

[2024-04-05 12:43:11 #4 type] 
Type domain.Driver is not enhanced.

[2024-04-05 12:43:11 #5 type] 
Type domain.Car is not enhanced.

[2024-04-05 12:43:11 #6 type] 
Type domain.Ride is not enhanced.

[2024-04-05 12:43:11 #7 type] 
Type domain.ReserveStatus is not enhanced.

[2024-04-05 12:43:11 #8 type] 
Type domain.Traveler is not enhanced.

------------------------------------------------------------------------------------------------------------------------

[2024-04-05 12:59:14 #1 store] 
Database 'C:\Users\harit\git\Rides2\src\main\resources\rides.temp' is opened by 22176@DESKTOP-VBQNJCT

[2024-04-05 12:59:15 #2 type] 
Type domain.User is not enhanced.

[2024-04-05 12:59:15 #3 type] 
Type domain.Driver is not enhanced.

[2024-04-05 12:59:15 #4 type] 
Type domain.Car is not enhanced.

[2024-04-05 12:59:15 #5 type] 
Type domain.Ride is not enhanced.

[2024-04-05 12:59:15 #6 type] 
Type domain.ReserveStatus is not enhanced.

[2024-04-05 12:59:15 #7 type] 
Type domain.Traveler is not enhanced.

------------------------------------------------------------------------------------------------------------------------

[2024-04-05 13:25:13 #1 store] 
Database 'C:\Users\harit\git\Rides2\src\main\resources\rides.temp' is opened by 21072@DESKTOP-VBQNJCT

[2024-04-05 13:25:13 #2 type] 
Type domain.User is not enhanced.

[2024-04-05 13:25:13 #3 type] 
Type domain.Driver is not enhanced.

[2024-04-05 13:25:13 #4 type] 
Type domain.Car is not enhanced.

[2024-04-05 13:25:13 #5 type] 
Type domain.Ride is not enhanced.

[2024-04-05 13:25:13 #6 type] 
Type domain.ReserveStatus is not enhanced.

[2024-04-05 13:25:13 #7 type] 
Type domain.Traveler is not enhanced.

------------------------------------------------------------------------------------------------------------------------

[2024-04-05 13:25:36 #1 store] 
Database 'C:\Users\harit\git\Rides2\src\main\resources\rides.temp' is opened by 6192@DESKTOP-VBQNJCT

[2024-04-05 13:25:36 #2 type] 
Type domain.User is not enhanced.

[2024-04-05 13:25:36 #3 type] 
Type domain.Driver is not enhanced.

[2024-04-05 13:25:36 #4 type] 
Type domain.Car is not enhanced.

[2024-04-05 13:25:36 #5 type] 
Type domain.Ride is not enhanced.

[2024-04-05 13:25:36 #6 type] 
Type domain.ReserveStatus is not enhanced.

[2024-04-05 13:25:36 #7 type] 
Type domain.Traveler is not enhanced.

------------------------------------------------------------------------------------------------------------------------

[2024-04-05 13:33:02 #1 store] 
Database 'C:\Users\harit\git\Rides2\src\main\resources\rides.temp' is opened by 18392@DESKTOP-VBQNJCT

[2024-04-05 13:33:02 #2 type] 
Type domain.User is not enhanced.

[2024-04-05 13:33:02 #3 type] 
Type domain.Driver is not enhanced.

[2024-04-05 13:33:02 #4 type] 
Type domain.Car is not enhanced.

[2024-04-05 13:33:02 #5 type] 
Type domain.Ride is not enhanced.

[2024-04-05 13:33:02 #6 type] 
Type domain.ReserveStatus is not enhanced.

[2024-04-05 13:33:02 #7 type] 
Type domain.Traveler is not enhanced.

------------------------------------------------------------------------------------------------------------------------

[2024-04-05 13:35:40 #1 store] 
Database 'C:\Users\harit\git\Rides2\src\main\resources\rides.temp' is opened by 21656@DESKTOP-VBQNJCT

[2024-04-05 13:35:40 #2 type] 
Type domain.User is not enhanced.

[2024-04-05 13:35:40 #3 type] 
Type domain.Driver is not enhanced.

[2024-04-05 13:35:40 #4 type] 
Type domain.Car is not enhanced.

[2024-04-05 13:35:40 #5 type] 
Type domain.Ride is not enhanced.

[2024-04-05 13:35:40 #6 type] 
Type domain.ReserveStatus is not enhanced.

[2024-04-05 13:35:40 #7 type] 
Type domain.Traveler is not enhanced.

------------------------------------------------------------------------------------------------------------------------

[2024-04-05 13:36:18 #1 store] 
Database 'C:\Users\harit\git\Rides2\src\main\resources\rides.temp' is opened by 2848@DESKTOP-VBQNJCT

[2024-04-05 13:36:18 #2 type] 
Type domain.User is not enhanced.

[2024-04-05 13:36:18 #3 type] 
Type domain.Driver is not enhanced.

[2024-04-05 13:36:18 #4 type] 
Type domain.Car is not enhanced.

[2024-04-05 13:36:18 #5 type] 
Type domain.Ride is not enhanced.

[2024-04-05 13:36:18 #6 type] 
Type domain.ReserveStatus is not enhanced.

[2024-04-05 13:36:18 #7 type] 
Type domain.Traveler is not enhanced.

------------------------------------------------------------------------------------------------------------------------

[2024-04-05 13:39:28 #1 store] 
Database 'C:\Users\harit\git\Rides2\src\main\resources\rides.temp' is opened by 7968@DESKTOP-VBQNJCT

[2024-04-05 13:39:28 #2 type] 
Type domain.User is not enhanced.

[2024-04-05 13:39:28 #3 type] 
Type domain.Driver is not enhanced.

[2024-04-05 13:39:28 #4 type] 
Type domain.Car is not enhanced.

[2024-04-05 13:39:28 #5 type] 
Type domain.Ride is not enhanced.

[2024-04-05 13:39:28 #6 type] 
Type domain.ReserveStatus is not enhanced.

[2024-04-05 13:39:28 #7 type] 
Type domain.Traveler is not enhanced.

------------------------------------------------------------------------------------------------------------------------

[2024-04-05 13:41:50 #1 store] 
Database 'C:\Users\harit\git\Rides2\src\main\resources\rides.temp' is opened by 21016@DESKTOP-VBQNJCT

[2024-04-05 13:41:50 #2 type] 
Type domain.User is not enhanced.

[2024-04-05 13:41:50 #3 type] 
Type domain.Driver is not enhanced.

[2024-04-05 13:41:50 #4 type] 
Type domain.Car is not enhanced.

[2024-04-05 13:41:50 #5 type] 
Type domain.Ride is not enhanced.

[2024-04-05 13:41:50 #6 type] 
Type domain.ReserveStatus is not enhanced.

[2024-04-05 13:41:50 #7 type] 
Type domain.Traveler is not enhanced.

------------------------------------------------------------------------------------------------------------------------

[2024-04-05 13:41:55 #1 store] 
Database 'C:\Users\harit\git\Rides2\src\main\resources\rides.temp' is opened by 15720@DESKTOP-VBQNJCT

[2024-04-05 13:41:55 #2 type] 
Type domain.User is not enhanced.

[2024-04-05 13:41:55 #3 type] 
Type domain.Driver is not enhanced.

[2024-04-05 13:41:55 #4 type] 
Type domain.Car is not enhanced.

[2024-04-05 13:41:55 #5 type] 
Type domain.Ride is not enhanced.

[2024-04-05 13:41:55 #6 type] 
Type domain.ReserveStatus is not enhanced.

[2024-04-05 13:41:55 #7 type] 
Type domain.Traveler is not enhanced.

------------------------------------------------------------------------------------------------------------------------

[2024-04-05 14:46:45 #1 store] 
Database 'C:\Users\harit\git\Rides2\src\main\resources\rides.temp' has been recovered (tr. 81-84)

[2024-04-05 14:46:45 #2 store] 
Database 'C:\Users\harit\git\Rides2\src\main\resources\rides.temp' is opened by 3976@DESKTOP-VBQNJCT

[2024-04-05 14:46:45 #3 type] 
Type domain.User is not enhanced.

[2024-04-05 14:46:45 #4 type] 
Type domain.Driver is not enhanced.

[2024-04-05 14:46:45 #5 type] 
Type domain.Car is not enhanced.

[2024-04-05 14:46:45 #6 type] 
Type domain.Ride is not enhanced.

[2024-04-05 14:46:45 #7 type] 
Type domain.ReserveStatus is not enhanced.

[2024-04-05 14:46:45 #8 type] 
Type domain.Traveler is not enhanced.

------------------------------------------------------------------------------------------------------------------------

[2024-04-05 14:50:36 #1 store] 
Database 'C:\Users\harit\git\Rides2\src\main\resources\rides.temp' has been recovered (tr. 86-89)

[2024-04-05 14:50:36 #2 store] 
Database 'C:\Users\harit\git\Rides2\src\main\resources\rides.temp' is opened by 19684@DESKTOP-VBQNJCT

[2024-04-05 14:50:37 #3 type] 
Type domain.User is not enhanced.

[2024-04-05 14:50:37 #4 type] 
Type domain.Driver is not enhanced.

[2024-04-05 14:50:37 #5 type] 
Type domain.Car is not enhanced.

[2024-04-05 14:50:37 #6 type] 
Type domain.Ride is not enhanced.

[2024-04-05 14:50:37 #7 type] 
Type domain.ReserveStatus is not enhanced.

[2024-04-05 14:50:37 #8 type] 
Type domain.Traveler is not enhanced.

------------------------------------------------------------------------------------------------------------------------

[2024-04-05 15:02:22 #1 store] 
Database 'C:\Users\harit\git\Rides2\src\main\resources\rides.temp' has been recovered (tr. 90-92)

[2024-04-05 15:02:22 #2 store] 
Database 'C:\Users\harit\git\Rides2\src\main\resources\rides.temp' is opened by 22932@DESKTOP-VBQNJCT

[2024-04-05 15:02:22 #3 type] 
Type domain.User is not enhanced.

[2024-04-05 15:02:22 #4 type] 
Type domain.Driver is not enhanced.

[2024-04-05 15:02:22 #5 type] 
Type domain.Car is not enhanced.

[2024-04-05 15:02:22 #6 type] 
Type domain.Ride is not enhanced.

[2024-04-05 15:02:22 #7 type] 
Type domain.ReserveStatus is not enhanced.

[2024-04-05 15:02:22 #8 type] 
Type domain.Traveler is not enhanced.

------------------------------------------------------------------------------------------------------------------------

[2024-04-05 15:03:22 #1 store] 
Database 'C:\Users\harit\git\Rides2\src\main\resources\rides.temp' is opened by 18352@DESKTOP-VBQNJCT

[2024-04-05 15:03:22 #2 type] 
Type domain.User is not enhanced.

[2024-04-05 15:03:22 #3 type] 
Type domain.Driver is not enhanced.

[2024-04-05 15:03:22 #4 type] 
Type domain.Car is not enhanced.

[2024-04-05 15:03:22 #5 type] 
Type domain.Ride is not enhanced.

[2024-04-05 15:03:22 #6 type] 
Type domain.ReserveStatus is not enhanced.

[2024-04-05 15:03:22 #7 type] 
Type domain.Traveler is not enhanced.

------------------------------------------------------------------------------------------------------------------------

[2024-04-05 15:03:42 #1 store] 
Database 'C:\Users\harit\git\Rides2\src\main\resources\rides.temp' is opened by 21760@DESKTOP-VBQNJCT

[2024-04-05 15:03:42 #2 type] 
Type domain.User is not enhanced.

[2024-04-05 15:03:42 #3 type] 
Type domain.Driver is not enhanced.

[2024-04-05 15:03:42 #4 type] 
Type domain.Car is not enhanced.

[2024-04-05 15:03:42 #5 type] 
Type domain.Ride is not enhanced.

[2024-04-05 15:03:42 #6 type] 
Type domain.ReserveStatus is not enhanced.

[2024-04-05 15:03:42 #7 type] 
Type domain.Traveler is not enhanced.

------------------------------------------------------------------------------------------------------------------------

[2024-04-05 15:16:18 #1 store] 
Database 'C:\Users\harit\git\Rides2\src\main\resources\rides.temp' is opened by 23340@DESKTOP-VBQNJCT

[2024-04-05 15:16:18 #2 type] 
Type domain.User is not enhanced.

[2024-04-05 15:16:18 #3 type] 
Type domain.Driver is not enhanced.

[2024-04-05 15:16:18 #4 type] 
Type domain.Car is not enhanced.

[2024-04-05 15:16:18 #5 type] 
Type domain.Ride is not enhanced.

[2024-04-05 15:16:18 #6 type] 
Type domain.ReserveStatus is not enhanced.

[2024-04-05 15:16:18 #7 type] 
Type domain.Traveler is not enhanced.

------------------------------------------------------------------------------------------------------------------------

[2024-04-05 15:34:47 #1 store] 
Database 'C:\Users\harit\git\Rides2\src\main\resources\rides.temp' has been recovered (tr. 94-98)

[2024-04-05 15:34:47 #2 store] 
Database 'C:\Users\harit\git\Rides2\src\main\resources\rides.temp' is opened by 19964@DESKTOP-VBQNJCT

[2024-04-05 15:34:47 #3 type] 
Type domain.User is not enhanced.

[2024-04-05 15:34:47 #4 type] 
Type domain.Driver is not enhanced.

[2024-04-05 15:34:47 #5 type] 
Type domain.Car is not enhanced.

[2024-04-05 15:34:47 #6 type] 
Type domain.Ride is not enhanced.

[2024-04-05 15:34:47 #7 type] 
Type domain.ReserveStatus is not enhanced.

[2024-04-05 15:34:47 #8 type] 
Type domain.Traveler is not enhanced.

------------------------------------------------------------------------------------------------------------------------

[2024-04-05 15:38:39 #1 store] 
Database 'C:\Users\harit\git\Rides2\src\main\resources\rides.temp' has been recovered (tr. 99-100)

[2024-04-05 15:38:39 #2 store] 
Database 'C:\Users\harit\git\Rides2\src\main\resources\rides.temp' is opened by 17416@DESKTOP-VBQNJCT

[2024-04-05 15:38:39 #3 type] 
Type domain.User is not enhanced.

[2024-04-05 15:38:39 #4 type] 
Type domain.Driver is not enhanced.

[2024-04-05 15:38:39 #5 type] 
Type domain.Car is not enhanced.

[2024-04-05 15:38:39 #6 type] 
Type domain.Ride is not enhanced.

[2024-04-05 15:38:39 #7 type] 
Type domain.ReserveStatus is not enhanced.

[2024-04-05 15:38:39 #8 type] 
Type domain.Traveler is not enhanced.

------------------------------------------------------------------------------------------------------------------------

[2024-04-05 15:41:15 #1 store] 
Database 'C:\Users\harit\git\Rides2\src\main\resources\rides.temp' is opened by 18612@DESKTOP-VBQNJCT

[2024-04-05 15:41:15 #2 type] 
Type domain.User is not enhanced.

[2024-04-05 15:41:15 #3 type] 
Type domain.Driver is not enhanced.

[2024-04-05 15:41:15 #4 type] 
Type domain.Car is not enhanced.

[2024-04-05 15:41:15 #5 type] 
Type domain.Ride is not enhanced.

[2024-04-05 15:41:15 #6 type] 
Type domain.ReserveStatus is not enhanced.

[2024-04-05 15:41:15 #7 type] 
Type domain.Traveler is not enhanced.

------------------------------------------------------------------------------------------------------------------------

[2024-04-05 15:42:55 #1 store] 
Database 'C:\Users\harit\git\Rides2\src\main\resources\rides.temp' is opened by 2300@DESKTOP-VBQNJCT

[2024-04-05 15:42:55 #2 type] 
Type domain.User is not enhanced.

[2024-04-05 15:42:55 #3 type] 
Type domain.Driver is not enhanced.

[2024-04-05 15:42:55 #4 type] 
Type domain.Car is not enhanced.

[2024-04-05 15:42:55 #5 type] 
Type domain.Ride is not enhanced.

[2024-04-05 15:42:55 #6 type] 
Type domain.ReserveStatus is not enhanced.

[2024-04-05 15:42:55 #7 type] 
Type domain.Traveler is not enhanced.

------------------------------------------------------------------------------------------------------------------------

[2024-04-05 15:51:32 #1 store] 
Database 'C:\Users\harit\git\Rides2\src\main\resources\rides.temp' is opened by 16872@DESKTOP-VBQNJCT

[2024-04-05 15:51:32 #2 type] 
Type domain.User is not enhanced.

[2024-04-05 15:51:32 #3 type] 
Type domain.Driver is not enhanced.

[2024-04-05 15:51:32 #4 type] 
Type domain.Car is not enhanced.

[2024-04-05 15:51:32 #5 type] 
Type domain.Ride is not enhanced.

[2024-04-05 15:51:32 #6 type] 
Type domain.ReserveStatus is not enhanced.

[2024-04-05 15:51:32 #7 type] 
Type domain.Traveler is not enhanced.

------------------------------------------------------------------------------------------------------------------------

[2024-04-05 15:52:13 #1 store] 
Database 'C:\Users\harit\git\Rides2\src\main\resources\rides.temp' is opened by 20300@DESKTOP-VBQNJCT

[2024-04-05 15:52:13 #2 type] 
Type domain.User is not enhanced.

[2024-04-05 15:52:13 #3 type] 
Type domain.Driver is not enhanced.

[2024-04-05 15:52:13 #4 type] 
Type domain.Car is not enhanced.

[2024-04-05 15:52:13 #5 type] 
Type domain.Ride is not enhanced.

[2024-04-05 15:52:13 #6 type] 
Type domain.ReserveStatus is not enhanced.

[2024-04-05 15:52:14 #7 type] 
Type domain.Traveler is not enhanced.

------------------------------------------------------------------------------------------------------------------------

[2024-04-05 15:53:48 #1 store] 
Database 'C:\Users\harit\git\Rides2\src\main\resources\rides.temp' is opened by 20996@DESKTOP-VBQNJCT

[2024-04-05 15:53:48 #2 type] 
Type domain.User is not enhanced.

[2024-04-05 15:53:48 #3 type] 
Type domain.Driver is not enhanced.

[2024-04-05 15:53:48 #4 type] 
Type domain.Car is not enhanced.

[2024-04-05 15:53:48 #5 type] 
Type domain.Ride is not enhanced.

[2024-04-05 15:53:48 #6 type] 
Type domain.ReserveStatus is not enhanced.

[2024-04-05 15:53:48 #7 type] 
Type domain.Traveler is not enhanced.

------------------------------------------------------------------------------------------------------------------------

[2024-04-05 15:58:56 #1 store] 
Database 'C:\Users\harit\git\Rides2\src\main\resources\rides.temp' is opened by 14772@DESKTOP-VBQNJCT

[2024-04-05 15:58:56 #2 type] 
Type domain.User is not enhanced.

[2024-04-05 15:58:56 #3 type] 
Type domain.Driver is not enhanced.

[2024-04-05 15:58:56 #4 type] 
Type domain.Car is not enhanced.

[2024-04-05 15:58:56 #5 type] 
Type domain.Ride is not enhanced.

[2024-04-05 15:58:56 #6 type] 
Type domain.ReserveStatus is not enhanced.

[2024-04-05 15:58:56 #7 type] 
Type domain.Traveler is not enhanced.

------------------------------------------------------------------------------------------------------------------------

[2024-04-05 15:59:44 #1 store] 
Database 'C:\Users\harit\git\Rides2\src\main\resources\rides.temp' is opened by 22608@DESKTOP-VBQNJCT

[2024-04-05 15:59:44 #2 type] 
Type domain.User is not enhanced.

[2024-04-05 15:59:44 #3 type] 
Type domain.Driver is not enhanced.

[2024-04-05 15:59:44 #4 type] 
Type domain.Car is not enhanced.

[2024-04-05 15:59:44 #5 type] 
Type domain.Ride is not enhanced.

[2024-04-05 15:59:44 #6 type] 
Type domain.ReserveStatus is not enhanced.

[2024-04-05 15:59:44 #7 type] 
Type domain.Traveler is not enhanced.

------------------------------------------------------------------------------------------------------------------------

[2024-04-05 16:00:56 #1 store] 
Database 'C:\Users\harit\git\Rides2\src\main\resources\rides.temp' is opened by 18268@DESKTOP-VBQNJCT

[2024-04-05 16:00:56 #2 type] 
Type domain.User is not enhanced.

[2024-04-05 16:00:56 #3 type] 
Type domain.Driver is not enhanced.

[2024-04-05 16:00:56 #4 type] 
Type domain.Car is not enhanced.

[2024-04-05 16:00:56 #5 type] 
Type domain.Ride is not enhanced.

[2024-04-05 16:00:56 #6 type] 
Type domain.ReserveStatus is not enhanced.

[2024-04-05 16:00:56 #7 type] 
Type domain.Traveler is not enhanced.

------------------------------------------------------------------------------------------------------------------------

[2024-04-05 16:04:44 #1 store] 
Database 'C:\Users\harit\git\Rides2\src\main\resources\rides.temp' has been recovered (tr. 114-123)

[2024-04-05 16:04:45 #2 store] 
Database 'C:\Users\harit\git\Rides2\src\main\resources\rides.temp' is opened by 17136@DESKTOP-VBQNJCT

[2024-04-05 16:04:45 #3 type] 
Type domain.User is not enhanced.

[2024-04-05 16:04:45 #4 type] 
Type domain.Driver is not enhanced.

[2024-04-05 16:04:45 #5 type] 
Type domain.Car is not enhanced.

[2024-04-05 16:04:45 #6 type] 
Type domain.Ride is not enhanced.

[2024-04-05 16:04:45 #7 type] 
Type domain.ReserveStatus is not enhanced.

[2024-04-05 16:04:45 #8 type] 
Type domain.Traveler is not enhanced.

------------------------------------------------------------------------------------------------------------------------

[2024-04-05 16:07:47 #1 store] 
Database 'C:\Users\harit\git\Rides2\src\main\resources\rides.temp' is opened by 18148@DESKTOP-VBQNJCT

[2024-04-05 16:07:47 #2 type] 
Type domain.User is not enhanced.

[2024-04-05 16:07:47 #3 type] 
Type domain.Driver is not enhanced.

[2024-04-05 16:07:47 #4 type] 
Type domain.Car is not enhanced.

[2024-04-05 16:07:47 #5 type] 
Type domain.Ride is not enhanced.

[2024-04-05 16:07:47 #6 type] 
Type domain.ReserveStatus is not enhanced.

[2024-04-05 16:07:47 #7 type] 
Type domain.Traveler is not enhanced.

------------------------------------------------------------------------------------------------------------------------

[2024-04-05 16:09:20 #1 store] 
Database 'C:\Users\harit\git\Rides2\src\main\resources\rides.temp' is opened by 13296@DESKTOP-VBQNJCT

[2024-04-05 16:09:20 #2 type] 
Type domain.User is not enhanced.

[2024-04-05 16:09:20 #3 type] 
Type domain.Driver is not enhanced.

[2024-04-05 16:09:20 #4 type] 
Type domain.Car is not enhanced.

[2024-04-05 16:09:20 #5 type] 
Type domain.Ride is not enhanced.

[2024-04-05 16:09:20 #6 type] 
Type domain.ReserveStatus is not enhanced.

[2024-04-05 16:09:20 #7 type] 
Type domain.Traveler is not enhanced.

