------------------------------------------------------------------------------------------------------------------------

[2024-04-25 10:42:16 #1 store] 
Database 'C:\Users\Xabi\git\Rides24\src\main\resources\rides.temp' has been recovered (tr. 261-262)

[2024-04-25 10:42:16 #2 store] 
Database 'C:\Users\Xabi\git\Rides24\src\main\resources\rides.temp' is opened by 14632@DESKTOP-PNFEN4V

[2024-04-25 10:42:17 #3 type] 
Type domain.User is not enhanced.

[2024-04-25 10:42:17 #4 type] 
Type domain.Driver is not enhanced.

[2024-04-25 10:42:17 #5 type] 
Type domain.Car is not enhanced.

[2024-04-25 10:42:17 #6 type] 
Type domain.Ride is not enhanced.

[2024-04-25 10:42:17 #7 type] 
Type domain.ReserveStatus is not enhanced.

[2024-04-25 10:42:17 #8 type] 
Type domain.Traveler is not enhanced.

------------------------------------------------------------------------------------------------------------------------

[2024-04-25 10:44:53 #1 store] 
Database 'C:\Users\Xabi\git\Rides24\src\main\resources\rides.temp' is opened by 2084@DESKTOP-PNFEN4V

[2024-04-25 10:44:53 #2 type] 
Type domain.User is not enhanced.

[2024-04-25 10:44:53 #3 type] 
Type domain.Driver is not enhanced.

[2024-04-25 10:44:53 #4 type] 
Type domain.Car is not enhanced.

[2024-04-25 10:44:53 #5 type] 
Type domain.Ride is not enhanced.

[2024-04-25 10:44:53 #6 type] 
Type domain.ReserveStatus is not enhanced.

[2024-04-25 10:44:53 #7 type] 
Type domain.Traveler is not enhanced.

------------------------------------------------------------------------------------------------------------------------

[2024-04-25 11:22:54 #1 store] 
Database 'C:\Users\Xabi\git\Rides24\src\main\resources\rides.temp' is opened by 17384@DESKTOP-PNFEN4V

[2024-04-25 11:22:54 #2 type] 
Type domain.User is not enhanced.

[2024-04-25 11:22:54 #3 type] 
Type domain.Driver is not enhanced.

[2024-04-25 11:22:54 #4 type] 
Type domain.Car is not enhanced.

[2024-04-25 11:22:54 #5 type] 
Type domain.Ride is not enhanced.

[2024-04-25 11:22:54 #6 type] 
Type domain.ReserveStatus is not enhanced.

[2024-04-25 11:22:54 #7 type] 
Type domain.Traveler is not enhanced.

------------------------------------------------------------------------------------------------------------------------

[2024-04-25 11:24:48 #1 store] 
Database 'C:\Users\Xabi\git\Rides24\src\main\resources\rides.temp' is opened by 17056@DESKTOP-PNFEN4V

[2024-04-25 11:24:48 #2 type] 
Type domain.User is not enhanced.

[2024-04-25 11:24:48 #3 type] 
Type domain.Driver is not enhanced.

[2024-04-25 11:24:48 #4 type] 
Type domain.Car is not enhanced.

[2024-04-25 11:24:48 #5 type] 
Type domain.Ride is not enhanced.

[2024-04-25 11:24:48 #6 type] 
Type domain.ReserveStatus is not enhanced.

[2024-04-25 11:24:48 #7 type] 
Type domain.Traveler is not enhanced.

------------------------------------------------------------------------------------------------------------------------

[2024-04-25 11:27:00 #1 store] 
Database 'C:\Users\Xabi\git\Rides24\src\main\resources\rides.temp' is opened by 2396@DESKTOP-PNFEN4V

[2024-04-25 11:27:00 #2 type] 
Type domain.User is not enhanced.

[2024-04-25 11:27:00 #3 type] 
Type domain.Driver is not enhanced.

[2024-04-25 11:27:00 #4 type] 
Type domain.Car is not enhanced.

[2024-04-25 11:27:00 #5 type] 
Type domain.Ride is not enhanced.

[2024-04-25 11:27:00 #6 type] 
Type domain.ReserveStatus is not enhanced.

[2024-04-25 11:27:00 #7 type] 
Type domain.Traveler is not enhanced.

