------------------------------------------------------------------------------------------------------------------------

[2024-05-11 14:51:45 #1 store] 
Database 'C:\Users\Xabi\git\Rides24\src\main\resources\rides.temp' is opened by 19128@DESKTOP-PNFEN4V

[2024-05-11 14:51:45 #2 type] 
Type domain.User is not enhanced.

[2024-05-11 14:51:45 #3 type] 
Type domain.Movement is not enhanced.

[2024-05-11 14:51:45 #4 type] 
Type domain.Driver is not enhanced.

[2024-05-11 14:51:45 #5 type] 
Type domain.Car is not enhanced.

[2024-05-11 14:51:45 #6 type] 
Type domain.Ride is not enhanced.

[2024-05-11 14:51:45 #7 type] 
Type domain.Erreklamazio is not enhanced.

[2024-05-11 14:51:45 #8 type] 
Type domain.ReserveStatus is not enhanced.

[2024-05-11 14:51:45 #9 type] 
Type domain.Traveler is not enhanced.

------------------------------------------------------------------------------------------------------------------------

[2024-05-11 14:57:36 #1 store] 
Database 'C:\Users\Xabi\git\Rides24\src\main\resources\rides.temp' is opened by 8872@DESKTOP-PNFEN4V

[2024-05-11 14:57:36 #2 type] 
Type domain.User is not enhanced.

[2024-05-11 14:57:36 #3 type] 
Type domain.Movement is not enhanced.

[2024-05-11 14:57:36 #4 type] 
Type domain.Driver is not enhanced.

[2024-05-11 14:57:36 #5 type] 
Type domain.Car is not enhanced.

[2024-05-11 14:57:36 #6 type] 
Type domain.Ride is not enhanced.

[2024-05-11 14:57:36 #7 type] 
Type domain.Erreklamazio is not enhanced.

[2024-05-11 14:57:36 #8 type] 
Type domain.ReserveStatus is not enhanced.

[2024-05-11 14:57:36 #9 type] 
Type domain.Traveler is not enhanced.

------------------------------------------------------------------------------------------------------------------------

[2024-05-11 14:59:12 #1 store] 
Database 'C:\Users\Xabi\git\Rides24\src\main\resources\rides.temp' is opened by 18436@DESKTOP-PNFEN4V

[2024-05-11 14:59:12 #2 type] 
Type domain.User is not enhanced.

[2024-05-11 14:59:12 #3 type] 
Type domain.Movement is not enhanced.

[2024-05-11 14:59:12 #4 type] 
Type domain.Driver is not enhanced.

[2024-05-11 14:59:12 #5 type] 
Type domain.Car is not enhanced.

[2024-05-11 14:59:12 #6 type] 
Type domain.Ride is not enhanced.

[2024-05-11 14:59:12 #7 type] 
Type domain.Erreklamazio is not enhanced.

[2024-05-11 14:59:12 #8 type] 
Type domain.ReserveStatus is not enhanced.

[2024-05-11 14:59:12 #9 type] 
Type domain.Traveler is not enhanced.

------------------------------------------------------------------------------------------------------------------------

[2024-05-11 14:59:27 #1 store] 
Database 'C:\Users\Xabi\git\Rides24\src\main\resources\rides.temp' is opened by 7672@DESKTOP-PNFEN4V

[2024-05-11 14:59:28 #2 type] 
Type domain.User is not enhanced.

[2024-05-11 14:59:28 #3 type] 
Type domain.Movement is not enhanced.

[2024-05-11 14:59:28 #4 type] 
Type domain.Driver is not enhanced.

[2024-05-11 14:59:28 #5 type] 
Type domain.Car is not enhanced.

[2024-05-11 14:59:28 #6 type] 
Type domain.Ride is not enhanced.

[2024-05-11 14:59:28 #7 type] 
Type domain.Erreklamazio is not enhanced.

[2024-05-11 14:59:28 #8 type] 
Type domain.ReserveStatus is not enhanced.

[2024-05-11 14:59:28 #9 type] 
Type domain.Traveler is not enhanced.

